root@dann:/var/www/mysite.local# apt install php-pear
Reading package lists... Done
Building dependency tree       
Reading state information... Done
The following NEW packages will be installed:
  php-pear
0 upgraded, 1 newly installed, 0 to remove and 18 not upgraded.
Need to get 286 kB of archives.
After this operation, 2,119 kB of additional disk space will be used.
Get:1 http://ru.archive.ubuntu.com/ubuntu focal/main amd64 php-pear all 1:1.10.9+submodules+notgz-1 [286 kB]
Fetched 286 kB in 5s (55.3 kB/s)        
Selecting previously unselected package php-pear.
(Reading database ... 72043 files and directories currently installed.)
Preparing to unpack .../php-pear_1%3a1.10.9+submodules+notgz-1_all.deb ...
Unpacking php-pear (1:1.10.9+submodules+notgz-1) ...
Setting up php-pear (1:1.10.9+submodules+notgz-1) ...
Processing triggers for man-db (2.9.1-1) ...
root@dann:/var/www/mysite.local# pecl install xdebug
WARNING: channel "pecl.php.net" has updated its protocols, use "pecl channel-update pecl.php.net" to update
downloading xdebug-2.9.6.tgz ...
Starting to download xdebug-2.9.6.tgz (243,910 bytes)
..................................................done: 243,910 bytes
91 source files, building
running: phpize
sh: 1: phpize: not found
ERROR: `phpize' failed
root@dann:/var/www/mysite.local# sudo apt-get install php7.2-dev
Reading package lists... Done
Building dependency tree       
Reading state information... Done
The following additional packages will be installed:
  autoconf automake autopoint autotools-dev binutils binutils-common binutils-x86-64-linux-gnu build-essential cpp cpp-9 debhelper dh-autoreconf
  dh-strip-nondeterminism dpkg-dev dwz fakeroot g++ g++-9 gcc gcc-9 gcc-9-base gettext intltool-debian libalgorithm-diff-perl
  libalgorithm-diff-xs-perl libalgorithm-merge-perl libarchive-cpio-perl libarchive-zip-perl libasan5 libatomic1 libbinutils libc-dev-bin
  libc6-dev libcc1-0 libcroco3 libcrypt-dev libctf-nobfd0 libctf0 libdebhelper-perl libdpkg-perl libfakeroot libfile-fcntllock-perl
  libfile-stripnondeterminism-perl libgcc-9-dev libgomp1 libisl22 libitm1 liblsan0 libltdl-dev libmail-sendmail-perl libmpc3 libpcre16-3
  libpcre3-dev libpcre32-3 libpcrecpp0v5 libquadmath0 libssl-dev libssl1.1 libstdc++-9-dev libsub-override-perl libsys-hostname-long-perl
  libtool libtsan0 libubsan1 linux-libc-dev m4 make manpages-dev pkg-php-tools po-debconf shtool
Suggested packages:
  autoconf-archive gnu-standards autoconf-doc binutils-doc cpp-doc gcc-9-locales dh-make debian-keyring g++-multilib g++-9-multilib gcc-9-doc
  gcc-multilib flex bison gdb gcc-doc gcc-9-multilib gettext-doc libasprintf-dev libgettextpo-dev glibc-doc bzr libtool-doc libssl-doc
  libstdc++-9-doc gfortran | fortran95-compiler gcj-jdk m4-doc make-doc dh-php libmail-box-perl
The following NEW packages will be installed:
  autoconf automake autopoint autotools-dev binutils binutils-common binutils-x86-64-linux-gnu build-essential cpp cpp-9 debhelper dh-autoreconf
  dh-strip-nondeterminism dpkg-dev dwz fakeroot g++ g++-9 gcc gcc-9 gcc-9-base gettext intltool-debian libalgorithm-diff-perl
  libalgorithm-diff-xs-perl libalgorithm-merge-perl libarchive-cpio-perl libarchive-zip-perl libasan5 libatomic1 libbinutils libc-dev-bin
  libc6-dev libcc1-0 libcroco3 libcrypt-dev libctf-nobfd0 libctf0 libdebhelper-perl libdpkg-perl libfakeroot libfile-fcntllock-perl
  libfile-stripnondeterminism-perl libgcc-9-dev libgomp1 libisl22 libitm1 liblsan0 libltdl-dev libmail-sendmail-perl libmpc3 libpcre16-3
  libpcre3-dev libpcre32-3 libpcrecpp0v5 libquadmath0 libssl-dev libstdc++-9-dev libsub-override-perl libsys-hostname-long-perl libtool libtsan0
  libubsan1 linux-libc-dev m4 make manpages-dev php7.2-dev pkg-php-tools po-debconf shtool
The following packages will be upgraded:
  libssl1.1
1 upgraded, 71 newly installed, 0 to remove and 17 not upgraded.
Need to get 49.2 MB of archives.
After this operation, 207 MB of additional disk space will be used.
Do you want to continue? [Y/n] y
Get:1 http://ru.archive.ubuntu.com/ubuntu focal/main amd64 m4 amd64 1.4.18-4 [199 kB]
Get:2 http://ppa.launchpad.net/ondrej/php/ubuntu focal/main amd64 libpcre16-3 amd64 2:8.44-1+ubuntu20.04.1+deb.sury.org+1 [158 kB]
Get:3 http://ru.archive.ubuntu.com/ubuntu focal/main amd64 autoconf all 2.69-11.1 [321 kB]
Get:4 http://ru.archive.ubuntu.com/ubuntu focal/main amd64 autotools-dev all 20180224.1 [39.6 kB]
Get:5 http://ru.archive.ubuntu.com/ubuntu focal/main amd64 automake all 1:1.16.1-4ubuntu6 [522 kB]
Get:6 http://ru.archive.ubuntu.com/ubuntu focal/main amd64 autopoint all 0.19.8.1-10build1 [412 kB]
Get:7 http://ru.archive.ubuntu.com/ubuntu focal/main amd64 binutils-common amd64 2.34-6ubuntu1 [207 kB]
Get:8 http://ru.archive.ubuntu.com/ubuntu focal/main amd64 libbinutils amd64 2.34-6ubuntu1 [474 kB]
Get:9 http://ppa.launchpad.net/ondrej/php/ubuntu focal/main amd64 libpcre32-3 amd64 2:8.44-1+ubuntu20.04.1+deb.sury.org+1 [148 kB]
Get:10 http://ru.archive.ubuntu.com/ubuntu focal/main amd64 libctf-nobfd0 amd64 2.34-6ubuntu1 [47.0 kB]
Get:11 http://ru.archive.ubuntu.com/ubuntu focal/main amd64 libctf0 amd64 2.34-6ubuntu1 [46.6 kB]
Get:12 http://ru.archive.ubuntu.com/ubuntu focal/main amd64 binutils-x86-64-linux-gnu amd64 2.34-6ubuntu1 [1,614 kB]
Get:13 http://ppa.launchpad.net/ondrej/php/ubuntu focal/main amd64 libpcrecpp0v5 amd64 2:8.44-1+ubuntu20.04.1+deb.sury.org+1 [51.0 kB]
Get:14 http://ru.archive.ubuntu.com/ubuntu focal/main amd64 binutils amd64 2.34-6ubuntu1 [3,376 B]       
Get:15 http://ru.archive.ubuntu.com/ubuntu focal/main amd64 libc-dev-bin amd64 2.31-0ubuntu9 [71.8 kB]
Get:16 http://ru.archive.ubuntu.com/ubuntu focal-updates/main amd64 linux-libc-dev amd64 5.4.0-42.46 [1,109 kB]
Get:17 http://ppa.launchpad.net/ondrej/php/ubuntu focal/main amd64 libpcre3-dev amd64 2:8.44-1+ubuntu20.04.1+deb.sury.org+1 [552 kB]
Get:18 http://ru.archive.ubuntu.com/ubuntu focal/main amd64 libcrypt-dev amd64 1:4.4.10-10ubuntu4 [104 kB]
Get:19 http://ru.archive.ubuntu.com/ubuntu focal/main amd64 libc6-dev amd64 2.31-0ubuntu9 [2,520 kB]
Get:20 http://ru.archive.ubuntu.com/ubuntu focal/main amd64 gcc-9-base amd64 9.3.0-10ubuntu2 [19.3 kB]
Get:21 http://ru.archive.ubuntu.com/ubuntu focal/main amd64 libisl22 amd64 0.22.1-1 [592 kB]
Get:22 http://ppa.launchpad.net/ondrej/apache2/ubuntu focal/main amd64 libssl1.1 amd64 1.1.1g-1+ubuntu20.04.1+deb.sury.org+1 [1,534 kB]
Get:23 http://ru.archive.ubuntu.com/ubuntu focal/main amd64 libmpc3 amd64 1.1.0-1 [40.8 kB]
Get:24 http://ru.archive.ubuntu.com/ubuntu focal/main amd64 cpp-9 amd64 9.3.0-10ubuntu2 [7,491 kB]
Get:25 http://ppa.launchpad.net/ondrej/apache2/ubuntu focal/main amd64 libssl-dev amd64 1.1.1g-1+ubuntu20.04.1+deb.sury.org+1 [1,808 kB]
Get:26 http://ru.archive.ubuntu.com/ubuntu focal/main amd64 cpp amd64 4:9.3.0-1ubuntu2 [27.6 kB]
Get:27 http://ru.archive.ubuntu.com/ubuntu focal/main amd64 libcc1-0 amd64 10-20200411-0ubuntu1 [41.1 kB]
Get:28 http://ru.archive.ubuntu.com/ubuntu focal/main amd64 libgomp1 amd64 10-20200411-0ubuntu1 [101 kB]
Get:29 http://ppa.launchpad.net/ondrej/php/ubuntu focal/main amd64 php7.2-dev amd64 7.2.33-1+ubuntu20.04.1+deb.sury.org+1 [556 kB]
Get:30 http://ru.archive.ubuntu.com/ubuntu focal/main amd64 libitm1 amd64 10-20200411-0ubuntu1 [26.3 kB]
Get:31 http://ru.archive.ubuntu.com/ubuntu focal/main amd64 libatomic1 amd64 10-20200411-0ubuntu1 [9,284 B]
Get:32 http://ru.archive.ubuntu.com/ubuntu focal/main amd64 libasan5 amd64 9.3.0-10ubuntu2 [395 kB]
Get:33 http://ru.archive.ubuntu.com/ubuntu focal/main amd64 liblsan0 amd64 10-20200411-0ubuntu1 [144 kB]
Get:34 http://ru.archive.ubuntu.com/ubuntu focal/main amd64 libtsan0 amd64 10-20200411-0ubuntu1 [319 kB]
Get:35 http://ru.archive.ubuntu.com/ubuntu focal/main amd64 libubsan1 amd64 10-20200411-0ubuntu1 [136 kB]
Get:36 http://ru.archive.ubuntu.com/ubuntu focal/main amd64 libquadmath0 amd64 10-20200411-0ubuntu1 [146 kB]
Get:37 http://ru.archive.ubuntu.com/ubuntu focal/main amd64 libgcc-9-dev amd64 9.3.0-10ubuntu2 [2,359 kB]
Get:38 http://ru.archive.ubuntu.com/ubuntu focal/main amd64 gcc-9 amd64 9.3.0-10ubuntu2 [8,234 kB]
Get:39 http://ru.archive.ubuntu.com/ubuntu focal/main amd64 gcc amd64 4:9.3.0-1ubuntu2 [5,208 B]
Get:40 http://ru.archive.ubuntu.com/ubuntu focal/main amd64 libstdc++-9-dev amd64 9.3.0-10ubuntu2 [1,711 kB]
Get:41 http://ru.archive.ubuntu.com/ubuntu focal/main amd64 g++-9 amd64 9.3.0-10ubuntu2 [8,404 kB]
Get:42 http://ru.archive.ubuntu.com/ubuntu focal/main amd64 g++ amd64 4:9.3.0-1ubuntu2 [1,604 B]
Get:43 http://ru.archive.ubuntu.com/ubuntu focal/main amd64 make amd64 4.2.1-1.2 [162 kB]
Get:44 http://ru.archive.ubuntu.com/ubuntu focal/main amd64 libdpkg-perl all 1.19.7ubuntu3 [230 kB]
Get:45 http://ru.archive.ubuntu.com/ubuntu focal/main amd64 dpkg-dev all 1.19.7ubuntu3 [679 kB]
Get:46 http://ru.archive.ubuntu.com/ubuntu focal/main amd64 build-essential amd64 12.8ubuntu1 [4,624 B]
Get:47 http://ru.archive.ubuntu.com/ubuntu focal/main amd64 libtool all 2.4.6-14 [161 kB]
Get:48 http://ru.archive.ubuntu.com/ubuntu focal/main amd64 dh-autoreconf all 19 [16.1 kB]
Get:49 http://ru.archive.ubuntu.com/ubuntu focal/main amd64 libdebhelper-perl all 12.10ubuntu1 [62.1 kB]
Get:50 http://ru.archive.ubuntu.com/ubuntu focal/main amd64 libarchive-zip-perl all 1.67-2 [90.5 kB]
Get:51 http://ru.archive.ubuntu.com/ubuntu focal/main amd64 libsub-override-perl all 0.09-2 [9,532 B]
Get:52 http://ru.archive.ubuntu.com/ubuntu focal/main amd64 libfile-stripnondeterminism-perl all 1.7.0-1 [15.9 kB]
Get:53 http://ru.archive.ubuntu.com/ubuntu focal/main amd64 dh-strip-nondeterminism all 1.7.0-1 [5,228 B]
Get:54 http://ru.archive.ubuntu.com/ubuntu focal/main amd64 dwz amd64 0.13-5 [151 kB]
Get:55 http://ru.archive.ubuntu.com/ubuntu focal/main amd64 libcroco3 amd64 0.6.13-1 [82.5 kB]
Get:56 http://ru.archive.ubuntu.com/ubuntu focal/main amd64 gettext amd64 0.19.8.1-10build1 [895 kB]
Get:57 http://ru.archive.ubuntu.com/ubuntu focal/main amd64 intltool-debian all 0.35.0+20060710.5 [24.9 kB]
Get:58 http://ru.archive.ubuntu.com/ubuntu focal/main amd64 po-debconf all 1.0.21 [233 kB]
Get:59 http://ru.archive.ubuntu.com/ubuntu focal/main amd64 debhelper all 12.10ubuntu1 [877 kB]
Get:60 http://ru.archive.ubuntu.com/ubuntu focal/main amd64 libfakeroot amd64 1.24-1 [25.7 kB]                                                   
Get:61 http://ru.archive.ubuntu.com/ubuntu focal/main amd64 fakeroot amd64 1.24-1 [62.6 kB]                                                      
Get:62 http://ru.archive.ubuntu.com/ubuntu focal/main amd64 libalgorithm-diff-perl all 1.19.03-2 [46.6 kB]                                       
Get:63 http://ru.archive.ubuntu.com/ubuntu focal/main amd64 libalgorithm-diff-xs-perl amd64 0.04-6 [11.3 kB]                                     
Get:64 http://ru.archive.ubuntu.com/ubuntu focal/main amd64 libalgorithm-merge-perl all 0.08-3 [12.0 kB]                                         
Get:65 http://ru.archive.ubuntu.com/ubuntu focal/main amd64 libarchive-cpio-perl all 0.10-1 [9,644 B]                                            
Get:66 http://ru.archive.ubuntu.com/ubuntu focal/main amd64 libfile-fcntllock-perl amd64 0.22-3build4 [33.1 kB]                                  
Get:67 http://ru.archive.ubuntu.com/ubuntu focal/main amd64 libltdl-dev amd64 2.4.6-14 [162 kB]                                                  
Get:68 http://ru.archive.ubuntu.com/ubuntu focal/main amd64 libsys-hostname-long-perl all 1.5-1 [11.7 kB]                                        
Get:69 http://ru.archive.ubuntu.com/ubuntu focal/main amd64 libmail-sendmail-perl all 0.80-1 [22.6 kB]                                           
Get:70 http://ru.archive.ubuntu.com/ubuntu focal/main amd64 manpages-dev all 5.05-1 [2,266 kB]                                                   
Get:71 http://ru.archive.ubuntu.com/ubuntu focal/main amd64 shtool all 2.0.8-10 [122 kB]                                                         
Get:72 http://ru.archive.ubuntu.com/ubuntu focal/main amd64 pkg-php-tools all 1.38 [28.3 kB]                                                     
Fetched 49.2 MB in 6s (7,713 kB/s)                                                                                                               
Extracting templates from packages: 100%
Preconfiguring packages ...
Selecting previously unselected package m4.
(Reading database ... 72220 files and directories currently installed.)
Preparing to unpack .../00-m4_1.4.18-4_amd64.deb ...
Unpacking m4 (1.4.18-4) ...
Selecting previously unselected package autoconf.
Preparing to unpack .../01-autoconf_2.69-11.1_all.deb ...
Unpacking autoconf (2.69-11.1) ...
Selecting previously unselected package autotools-dev.
Preparing to unpack .../02-autotools-dev_20180224.1_all.deb ...
Unpacking autotools-dev (20180224.1) ...
Selecting previously unselected package automake.
Preparing to unpack .../03-automake_1%3a1.16.1-4ubuntu6_all.deb ...
Unpacking automake (1:1.16.1-4ubuntu6) ...
Selecting previously unselected package autopoint.
Preparing to unpack .../04-autopoint_0.19.8.1-10build1_all.deb ...
Unpacking autopoint (0.19.8.1-10build1) ...
Selecting previously unselected package binutils-common:amd64.
Preparing to unpack .../05-binutils-common_2.34-6ubuntu1_amd64.deb ...
Unpacking binutils-common:amd64 (2.34-6ubuntu1) ...
Selecting previously unselected package libbinutils:amd64.
Preparing to unpack .../06-libbinutils_2.34-6ubuntu1_amd64.deb ...
Unpacking libbinutils:amd64 (2.34-6ubuntu1) ...
Selecting previously unselected package libctf-nobfd0:amd64.
Preparing to unpack .../07-libctf-nobfd0_2.34-6ubuntu1_amd64.deb ...
Unpacking libctf-nobfd0:amd64 (2.34-6ubuntu1) ...
Selecting previously unselected package libctf0:amd64.
Preparing to unpack .../08-libctf0_2.34-6ubuntu1_amd64.deb ...
Unpacking libctf0:amd64 (2.34-6ubuntu1) ...
Selecting previously unselected package binutils-x86-64-linux-gnu.
Preparing to unpack .../09-binutils-x86-64-linux-gnu_2.34-6ubuntu1_amd64.deb ...
Unpacking binutils-x86-64-linux-gnu (2.34-6ubuntu1) ...
Selecting previously unselected package binutils.
Preparing to unpack .../10-binutils_2.34-6ubuntu1_amd64.deb ...
Unpacking binutils (2.34-6ubuntu1) ...
Selecting previously unselected package libc-dev-bin.
Preparing to unpack .../11-libc-dev-bin_2.31-0ubuntu9_amd64.deb ...
Unpacking libc-dev-bin (2.31-0ubuntu9) ...
Selecting previously unselected package linux-libc-dev:amd64.
Preparing to unpack .../12-linux-libc-dev_5.4.0-42.46_amd64.deb ...
Unpacking linux-libc-dev:amd64 (5.4.0-42.46) ...
Selecting previously unselected package libcrypt-dev:amd64.
Preparing to unpack .../13-libcrypt-dev_1%3a4.4.10-10ubuntu4_amd64.deb ...
Unpacking libcrypt-dev:amd64 (1:4.4.10-10ubuntu4) ...
Selecting previously unselected package libc6-dev:amd64.
Preparing to unpack .../14-libc6-dev_2.31-0ubuntu9_amd64.deb ...
Unpacking libc6-dev:amd64 (2.31-0ubuntu9) ...
Selecting previously unselected package gcc-9-base:amd64.
Preparing to unpack .../15-gcc-9-base_9.3.0-10ubuntu2_amd64.deb ...
Unpacking gcc-9-base:amd64 (9.3.0-10ubuntu2) ...
Selecting previously unselected package libisl22:amd64.
Preparing to unpack .../16-libisl22_0.22.1-1_amd64.deb ...
Unpacking libisl22:amd64 (0.22.1-1) ...
Selecting previously unselected package libmpc3:amd64.
Preparing to unpack .../17-libmpc3_1.1.0-1_amd64.deb ...
Unpacking libmpc3:amd64 (1.1.0-1) ...
Selecting previously unselected package cpp-9.
Preparing to unpack .../18-cpp-9_9.3.0-10ubuntu2_amd64.deb ...
Unpacking cpp-9 (9.3.0-10ubuntu2) ...
Selecting previously unselected package cpp.
Preparing to unpack .../19-cpp_4%3a9.3.0-1ubuntu2_amd64.deb ...
Unpacking cpp (4:9.3.0-1ubuntu2) ...
Selecting previously unselected package libcc1-0:amd64.
Preparing to unpack .../20-libcc1-0_10-20200411-0ubuntu1_amd64.deb ...
Unpacking libcc1-0:amd64 (10-20200411-0ubuntu1) ...
Selecting previously unselected package libgomp1:amd64.
Preparing to unpack .../21-libgomp1_10-20200411-0ubuntu1_amd64.deb ...
Unpacking libgomp1:amd64 (10-20200411-0ubuntu1) ...
Selecting previously unselected package libitm1:amd64.
Preparing to unpack .../22-libitm1_10-20200411-0ubuntu1_amd64.deb ...
Unpacking libitm1:amd64 (10-20200411-0ubuntu1) ...
Selecting previously unselected package libatomic1:amd64.
Preparing to unpack .../23-libatomic1_10-20200411-0ubuntu1_amd64.deb ...
Unpacking libatomic1:amd64 (10-20200411-0ubuntu1) ...
Selecting previously unselected package libasan5:amd64.
Preparing to unpack .../24-libasan5_9.3.0-10ubuntu2_amd64.deb ...
Unpacking libasan5:amd64 (9.3.0-10ubuntu2) ...
Selecting previously unselected package liblsan0:amd64.
Preparing to unpack .../25-liblsan0_10-20200411-0ubuntu1_amd64.deb ...
Unpacking liblsan0:amd64 (10-20200411-0ubuntu1) ...
Selecting previously unselected package libtsan0:amd64.
Preparing to unpack .../26-libtsan0_10-20200411-0ubuntu1_amd64.deb ...
Unpacking libtsan0:amd64 (10-20200411-0ubuntu1) ...
Selecting previously unselected package libubsan1:amd64.
Preparing to unpack .../27-libubsan1_10-20200411-0ubuntu1_amd64.deb ...
Unpacking libubsan1:amd64 (10-20200411-0ubuntu1) ...
Selecting previously unselected package libquadmath0:amd64.
Preparing to unpack .../28-libquadmath0_10-20200411-0ubuntu1_amd64.deb ...
Unpacking libquadmath0:amd64 (10-20200411-0ubuntu1) ...
Selecting previously unselected package libgcc-9-dev:amd64.
Preparing to unpack .../29-libgcc-9-dev_9.3.0-10ubuntu2_amd64.deb ...
Unpacking libgcc-9-dev:amd64 (9.3.0-10ubuntu2) ...
Selecting previously unselected package gcc-9.
Preparing to unpack .../30-gcc-9_9.3.0-10ubuntu2_amd64.deb ...
Unpacking gcc-9 (9.3.0-10ubuntu2) ...
Selecting previously unselected package gcc.
Preparing to unpack .../31-gcc_4%3a9.3.0-1ubuntu2_amd64.deb ...
Unpacking gcc (4:9.3.0-1ubuntu2) ...
Selecting previously unselected package libstdc++-9-dev:amd64.
Preparing to unpack .../32-libstdc++-9-dev_9.3.0-10ubuntu2_amd64.deb ...
Unpacking libstdc++-9-dev:amd64 (9.3.0-10ubuntu2) ...
Selecting previously unselected package g++-9.
Preparing to unpack .../33-g++-9_9.3.0-10ubuntu2_amd64.deb ...
Unpacking g++-9 (9.3.0-10ubuntu2) ...
Selecting previously unselected package g++.
Preparing to unpack .../34-g++_4%3a9.3.0-1ubuntu2_amd64.deb ...
Unpacking g++ (4:9.3.0-1ubuntu2) ...
Selecting previously unselected package make.
Preparing to unpack .../35-make_4.2.1-1.2_amd64.deb ...
Unpacking make (4.2.1-1.2) ...
Selecting previously unselected package libdpkg-perl.
Preparing to unpack .../36-libdpkg-perl_1.19.7ubuntu3_all.deb ...
Unpacking libdpkg-perl (1.19.7ubuntu3) ...
Selecting previously unselected package dpkg-dev.
Preparing to unpack .../37-dpkg-dev_1.19.7ubuntu3_all.deb ...
Unpacking dpkg-dev (1.19.7ubuntu3) ...
Selecting previously unselected package build-essential.
Preparing to unpack .../38-build-essential_12.8ubuntu1_amd64.deb ...
Unpacking build-essential (12.8ubuntu1) ...
Selecting previously unselected package libtool.
Preparing to unpack .../39-libtool_2.4.6-14_all.deb ...
Unpacking libtool (2.4.6-14) ...
Selecting previously unselected package dh-autoreconf.
Preparing to unpack .../40-dh-autoreconf_19_all.deb ...
Unpacking dh-autoreconf (19) ...
Selecting previously unselected package libdebhelper-perl.
Preparing to unpack .../41-libdebhelper-perl_12.10ubuntu1_all.deb ...
Unpacking libdebhelper-perl (12.10ubuntu1) ...
Selecting previously unselected package libarchive-zip-perl.
Preparing to unpack .../42-libarchive-zip-perl_1.67-2_all.deb ...
Unpacking libarchive-zip-perl (1.67-2) ...
Selecting previously unselected package libsub-override-perl.
Preparing to unpack .../43-libsub-override-perl_0.09-2_all.deb ...
Unpacking libsub-override-perl (0.09-2) ...
Selecting previously unselected package libfile-stripnondeterminism-perl.
Preparing to unpack .../44-libfile-stripnondeterminism-perl_1.7.0-1_all.deb ...
Unpacking libfile-stripnondeterminism-perl (1.7.0-1) ...
Selecting previously unselected package dh-strip-nondeterminism.
Preparing to unpack .../45-dh-strip-nondeterminism_1.7.0-1_all.deb ...
Unpacking dh-strip-nondeterminism (1.7.0-1) ...
Selecting previously unselected package dwz.
Preparing to unpack .../46-dwz_0.13-5_amd64.deb ...
Unpacking dwz (0.13-5) ...
Selecting previously unselected package libcroco3:amd64.
Preparing to unpack .../47-libcroco3_0.6.13-1_amd64.deb ...
Unpacking libcroco3:amd64 (0.6.13-1) ...
Selecting previously unselected package gettext.
Preparing to unpack .../48-gettext_0.19.8.1-10build1_amd64.deb ...
Unpacking gettext (0.19.8.1-10build1) ...
Selecting previously unselected package intltool-debian.
Preparing to unpack .../49-intltool-debian_0.35.0+20060710.5_all.deb ...
Unpacking intltool-debian (0.35.0+20060710.5) ...
Selecting previously unselected package po-debconf.
Preparing to unpack .../50-po-debconf_1.0.21_all.deb ...
Unpacking po-debconf (1.0.21) ...
Selecting previously unselected package debhelper.
Preparing to unpack .../51-debhelper_12.10ubuntu1_all.deb ...
Unpacking debhelper (12.10ubuntu1) ...
Selecting previously unselected package libfakeroot:amd64.
Preparing to unpack .../52-libfakeroot_1.24-1_amd64.deb ...
Unpacking libfakeroot:amd64 (1.24-1) ...
Selecting previously unselected package fakeroot.
Preparing to unpack .../53-fakeroot_1.24-1_amd64.deb ...
Unpacking fakeroot (1.24-1) ...
Selecting previously unselected package libalgorithm-diff-perl.
Preparing to unpack .../54-libalgorithm-diff-perl_1.19.03-2_all.deb ...
Unpacking libalgorithm-diff-perl (1.19.03-2) ...
Selecting previously unselected package libalgorithm-diff-xs-perl.
Preparing to unpack .../55-libalgorithm-diff-xs-perl_0.04-6_amd64.deb ...
Unpacking libalgorithm-diff-xs-perl (0.04-6) ...
Selecting previously unselected package libalgorithm-merge-perl.
Preparing to unpack .../56-libalgorithm-merge-perl_0.08-3_all.deb ...
Unpacking libalgorithm-merge-perl (0.08-3) ...
Selecting previously unselected package libarchive-cpio-perl.
Preparing to unpack .../57-libarchive-cpio-perl_0.10-1_all.deb ...
Unpacking libarchive-cpio-perl (0.10-1) ...
Selecting previously unselected package libfile-fcntllock-perl.
Preparing to unpack .../58-libfile-fcntllock-perl_0.22-3build4_amd64.deb ...
Unpacking libfile-fcntllock-perl (0.22-3build4) ...
Selecting previously unselected package libltdl-dev:amd64.
Preparing to unpack .../59-libltdl-dev_2.4.6-14_amd64.deb ...
Unpacking libltdl-dev:amd64 (2.4.6-14) ...
Selecting previously unselected package libsys-hostname-long-perl.
Preparing to unpack .../60-libsys-hostname-long-perl_1.5-1_all.deb ...
Unpacking libsys-hostname-long-perl (1.5-1) ...
Selecting previously unselected package libmail-sendmail-perl.
Preparing to unpack .../61-libmail-sendmail-perl_0.80-1_all.deb ...
Unpacking libmail-sendmail-perl (0.80-1) ...
Selecting previously unselected package libpcre16-3:amd64.
Preparing to unpack .../62-libpcre16-3_2%3a8.44-1+ubuntu20.04.1+deb.sury.org+1_amd64.deb ...
Unpacking libpcre16-3:amd64 (2:8.44-1+ubuntu20.04.1+deb.sury.org+1) ...
Selecting previously unselected package libpcre32-3:amd64.
Preparing to unpack .../63-libpcre32-3_2%3a8.44-1+ubuntu20.04.1+deb.sury.org+1_amd64.deb ...
Unpacking libpcre32-3:amd64 (2:8.44-1+ubuntu20.04.1+deb.sury.org+1) ...
Selecting previously unselected package libpcrecpp0v5:amd64.
Preparing to unpack .../64-libpcrecpp0v5_2%3a8.44-1+ubuntu20.04.1+deb.sury.org+1_amd64.deb ...
Unpacking libpcrecpp0v5:amd64 (2:8.44-1+ubuntu20.04.1+deb.sury.org+1) ...
Selecting previously unselected package libpcre3-dev:amd64.
Preparing to unpack .../65-libpcre3-dev_2%3a8.44-1+ubuntu20.04.1+deb.sury.org+1_amd64.deb ...
Unpacking libpcre3-dev:amd64 (2:8.44-1+ubuntu20.04.1+deb.sury.org+1) ...
Preparing to unpack .../66-libssl1.1_1.1.1g-1+ubuntu20.04.1+deb.sury.org+1_amd64.deb ...
Unpacking libssl1.1:amd64 (1.1.1g-1+ubuntu20.04.1+deb.sury.org+1) over (1.1.1f-1ubuntu2) ...
Selecting previously unselected package libssl-dev:amd64.
Preparing to unpack .../67-libssl-dev_1.1.1g-1+ubuntu20.04.1+deb.sury.org+1_amd64.deb ...
Unpacking libssl-dev:amd64 (1.1.1g-1+ubuntu20.04.1+deb.sury.org+1) ...
Selecting previously unselected package manpages-dev.
Preparing to unpack .../68-manpages-dev_5.05-1_all.deb ...
Unpacking manpages-dev (5.05-1) ...
Selecting previously unselected package shtool.
Preparing to unpack .../69-shtool_2.0.8-10_all.deb ...
Unpacking shtool (2.0.8-10) ...
Selecting previously unselected package php7.2-dev.
Preparing to unpack .../70-php7.2-dev_7.2.33-1+ubuntu20.04.1+deb.sury.org+1_amd64.deb ...
Unpacking php7.2-dev (7.2.33-1+ubuntu20.04.1+deb.sury.org+1) ...
Selecting previously unselected package pkg-php-tools.
Preparing to unpack .../71-pkg-php-tools_1.38_all.deb ...
Unpacking pkg-php-tools (1.38) ...
Setting up libpcrecpp0v5:amd64 (2:8.44-1+ubuntu20.04.1+deb.sury.org+1) ...
Setting up shtool (2.0.8-10) ...
Setting up manpages-dev (5.05-1) ...
Setting up libpcre16-3:amd64 (2:8.44-1+ubuntu20.04.1+deb.sury.org+1) ...
Setting up libfile-fcntllock-perl (0.22-3build4) ...
Setting up libalgorithm-diff-perl (1.19.03-2) ...
Setting up libarchive-zip-perl (1.67-2) ...
Setting up libssl1.1:amd64 (1.1.1g-1+ubuntu20.04.1+deb.sury.org+1) ...
Setting up libdebhelper-perl (12.10ubuntu1) ...
Setting up binutils-common:amd64 (2.34-6ubuntu1) ...
Setting up linux-libc-dev:amd64 (5.4.0-42.46) ...
Setting up libctf-nobfd0:amd64 (2.34-6ubuntu1) ...
Setting up m4 (1.4.18-4) ...
Setting up libgomp1:amd64 (10-20200411-0ubuntu1) ...
Setting up libfakeroot:amd64 (1.24-1) ...
Setting up fakeroot (1.24-1) ...
update-alternatives: using /usr/bin/fakeroot-sysv to provide /usr/bin/fakeroot (fakeroot) in auto mode
Setting up autotools-dev (20180224.1) ...
Setting up make (4.2.1-1.2) ...
Setting up libquadmath0:amd64 (10-20200411-0ubuntu1) ...
Setting up libssl-dev:amd64 (1.1.1g-1+ubuntu20.04.1+deb.sury.org+1) ...
Setting up libpcre32-3:amd64 (2:8.44-1+ubuntu20.04.1+deb.sury.org+1) ...
Setting up libmpc3:amd64 (1.1.0-1) ...
Setting up libatomic1:amd64 (10-20200411-0ubuntu1) ...
Setting up autopoint (0.19.8.1-10build1) ...
Setting up libcroco3:amd64 (0.6.13-1) ...
Setting up libdpkg-perl (1.19.7ubuntu3) ...
Setting up autoconf (2.69-11.1) ...
Setting up libubsan1:amd64 (10-20200411-0ubuntu1) ...
Setting up dwz (0.13-5) ...
Setting up libcrypt-dev:amd64 (1:4.4.10-10ubuntu4) ...
Setting up libarchive-cpio-perl (0.10-1) ...
Setting up libsub-override-perl (0.09-2) ...
Setting up libisl22:amd64 (0.22.1-1) ...
Setting up libbinutils:amd64 (2.34-6ubuntu1) ...
Setting up libc-dev-bin (2.31-0ubuntu9) ...
Setting up libsys-hostname-long-perl (1.5-1) ...
Setting up libalgorithm-diff-xs-perl (0.04-6) ...
Setting up libcc1-0:amd64 (10-20200411-0ubuntu1) ...
Setting up liblsan0:amd64 (10-20200411-0ubuntu1) ...
Setting up libitm1:amd64 (10-20200411-0ubuntu1) ...
Setting up gcc-9-base:amd64 (9.3.0-10ubuntu2) ...
Setting up libalgorithm-merge-perl (0.08-3) ...
Setting up libtsan0:amd64 (10-20200411-0ubuntu1) ...
Setting up libctf0:amd64 (2.34-6ubuntu1) ...
Setting up automake (1:1.16.1-4ubuntu6) ...
update-alternatives: using /usr/bin/automake-1.16 to provide /usr/bin/automake (automake) in auto mode
Setting up libfile-stripnondeterminism-perl (1.7.0-1) ...
Setting up gettext (0.19.8.1-10build1) ...
Setting up intltool-debian (0.35.0+20060710.5) ...
Setting up libmail-sendmail-perl (0.80-1) ...
Setting up libltdl-dev:amd64 (2.4.6-14) ...
Setting up libasan5:amd64 (9.3.0-10ubuntu2) ...
Setting up dh-strip-nondeterminism (1.7.0-1) ...
Setting up cpp-9 (9.3.0-10ubuntu2) ...
Setting up libc6-dev:amd64 (2.31-0ubuntu9) ...
Setting up binutils-x86-64-linux-gnu (2.34-6ubuntu1) ...
Setting up libpcre3-dev:amd64 (2:8.44-1+ubuntu20.04.1+deb.sury.org+1) ...
Setting up po-debconf (1.0.21) ...
Setting up binutils (2.34-6ubuntu1) ...
Setting up dpkg-dev (1.19.7ubuntu3) ...
Setting up libgcc-9-dev:amd64 (9.3.0-10ubuntu2) ...
Setting up cpp (4:9.3.0-1ubuntu2) ...
Setting up gcc-9 (9.3.0-10ubuntu2) ...
Setting up libstdc++-9-dev:amd64 (9.3.0-10ubuntu2) ...
Setting up libtool (2.4.6-14) ...
Setting up gcc (4:9.3.0-1ubuntu2) ...
Setting up g++-9 (9.3.0-10ubuntu2) ...
Setting up g++ (4:9.3.0-1ubuntu2) ...
update-alternatives: using /usr/bin/g++ to provide /usr/bin/c++ (c++) in auto mode
Setting up build-essential (12.8ubuntu1) ...
Setting up php7.2-dev (7.2.33-1+ubuntu20.04.1+deb.sury.org+1) ...
update-alternatives: using /usr/bin/php-config7.2 to provide /usr/bin/php-config (php-config) in auto mode
update-alternatives: using /usr/bin/phpize7.2 to provide /usr/bin/phpize (phpize) in auto mode
Setting up debhelper (12.10ubuntu1) ...
Setting up dh-autoreconf (19) ...
Setting up pkg-php-tools (1.38) ...
Processing triggers for libc-bin (2.31-0ubuntu9) ...
Processing triggers for man-db (2.9.1-1) ...
Processing triggers for install-info (6.7.0.dfsg.2-5) ...
root@dann:/var/www/mysite.local# pecl install xdebug
WARNING: channel "pecl.php.net" has updated its protocols, use "pecl channel-update pecl.php.net" to update
downloading xdebug-2.9.6.tgz ...
Starting to download xdebug-2.9.6.tgz (243,910 bytes)
..................................................done: 243,910 bytes
91 source files, building
running: phpize
Configuring for:
PHP Api Version:         20170718
Zend Module Api No:      20170718
Zend Extension Api No:   320170718
building in /tmp/pear/temp/pear-build-root1HKkXJ/xdebug-2.9.6
running: /tmp/pear/temp/xdebug/configure --with-php-config=/usr/bin/php-config
checking for grep that handles long lines and -e... /usr/bin/grep
checking for egrep... /usr/bin/grep -E
checking for a sed that does not truncate output... /usr/bin/sed
checking for cc... cc
checking whether the C compiler works... yes
checking for C compiler default output file name... a.out
checking for suffix of executables...
checking whether we are cross compiling... no
checking for suffix of object files... o
checking whether we are using the GNU C compiler... yes
checking whether cc accepts -g... yes
checking for cc option to accept ISO C89... none needed
checking how to run the C preprocessor... cc -E
checking for icc... no
checking for suncc... no
checking whether cc understands -c and -o together... yes
checking for system library directory... lib
checking if compiler supports -R... no
checking if compiler supports -Wl,-rpath,... yes
checking build system type... x86_64-pc-linux-gnu
checking host system type... x86_64-pc-linux-gnu
checking target system type... x86_64-pc-linux-gnu
checking for PHP prefix... /usr
checking for PHP includes... -I/usr/include/php/20170718 -I/usr/include/php/20170718/main -I/usr/include/php/20170718/TSRM -I/usr/include/php/20170718/Zend -I/usr/include/php/20170718/ext -I/usr/include/php/20170718/ext/date/lib
checking for PHP extension directory... /usr/lib/php/20170718
checking for PHP installed headers prefix... /usr/include/php/20170718
checking if debug is enabled... no
checking if zts is enabled... no
checking for re2c... no
configure: WARNING: You will need re2c 0.13.4 or later if you want to regenerate PHP parsers.
checking for gawk... gawk
checking whether to enable Xdebug support... yes, shared
checking whether to enable Xdebug developer build flags... no
checking Check for supported PHP versions... supported (7.2.33-1+ubuntu20.04.1+deb.sury.org+1)
checking for gettimeofday... yes
checking for ANSI C header files... yes
checking for sys/types.h... yes
checking for sys/stat.h... yes
checking for stdlib.h... yes
checking for string.h... yes
checking for memory.h... yes
checking for strings.h... yes
checking for inttypes.h... yes
checking for stdint.h... yes
checking for unistd.h... yes
checking netinet/in.h usability... yes
checking netinet/in.h presence... yes
checking for netinet/in.h... yes
checking poll.h usability... yes
checking poll.h presence... yes
checking for poll.h... yes
checking sys/poll.h usability... yes
checking sys/poll.h presence... yes
checking for sys/poll.h... yes
checking for cos in -lm... yes
checking how to print strings... printf
checking for a sed that does not truncate output... (cached) /usr/bin/sed
checking for fgrep... /usr/bin/grep -F
checking for ld used by cc... /usr/bin/ld
checking if the linker (/usr/bin/ld) is GNU ld... yes
checking for BSD- or MS-compatible name lister (nm)... /usr/bin/nm -B
checking the name lister (/usr/bin/nm -B) interface... BSD nm
checking whether ln -s works... yes
checking the maximum length of command line arguments... 1572864
checking how to convert x86_64-pc-linux-gnu file names to x86_64-pc-linux-gnu format... func_convert_file_noop
checking how to convert x86_64-pc-linux-gnu file names to toolchain format... func_convert_file_noop
checking for /usr/bin/ld option to reload object files... -r
checking for objdump... objdump
checking how to recognize dependent libraries... pass_all
checking for dlltool... no
checking how to associate runtime and link libraries... printf %s\n
checking for ar... ar
checking for archiver @FILE support... @
checking for strip... strip
checking for ranlib... ranlib
checking for gawk... (cached) gawk
checking command to parse /usr/bin/nm -B output from cc object... ok
checking for sysroot... no
checking for a working dd... /usr/bin/dd
checking how to truncate binary pipes... /usr/bin/dd bs=4096 count=1
checking for mt... mt
checking if mt is a manifest tool... no
checking for dlfcn.h... yes
checking for objdir... .libs
checking if cc supports -fno-rtti -fno-exceptions... no
checking for cc option to produce PIC... -fPIC -DPIC
checking if cc PIC flag -fPIC -DPIC works... yes
checking if cc static flag -static works... yes
checking if cc supports -c -o file.o... yes
checking if cc supports -c -o file.o... (cached) yes
checking whether the cc linker (/usr/bin/ld -m elf_x86_64) supports shared libraries... yes
checking whether -lc should be explicitly linked in... no
checking dynamic linker characteristics... GNU/Linux ld.so
checking how to hardcode library paths into programs... immediate
checking whether stripping libraries is possible... yes
checking if libtool supports shared libraries... yes
checking whether to build shared libraries... yes
checking whether to build static libraries... no
configure: creating ./config.status
config.status: creating config.h
config.status: executing libtool commands
running: make
/bin/bash /tmp/pear/temp/pear-build-root1HKkXJ/xdebug-2.9.6/libtool --mode=compile cc   -I. -I/tmp/pear/temp/xdebug -DPHP_ATOM_INC -I/tmp/pear/temp/pear-build-root1HKkXJ/xdebug-2.9.6/include -I/tmp/pear/temp/pear-build-root1HKkXJ/xdebug-2.9.6/main -I/tmp/pear/temp/xdebug -I/usr/include/php/20170718 -I/usr/include/php/20170718/main -I/usr/include/php/20170718/TSRM -I/usr/include/php/20170718/Zend -I/usr/include/php/20170718/ext -I/usr/include/php/20170718/ext/date/lib -I/tmp/pear/temp/xdebug/src -I/tmp/pear/temp/pear-build-root1HKkXJ/xdebug-2.9.6/src  -DHAVE_CONFIG_H  -g -O2   -c /tmp/pear/temp/xdebug/xdebug.c -o xdebug.lo
libtool: compile:  cc -I. -I/tmp/pear/temp/xdebug -DPHP_ATOM_INC -I/tmp/pear/temp/pear-build-root1HKkXJ/xdebug-2.9.6/include -I/tmp/pear/temp/pear-build-root1HKkXJ/xdebug-2.9.6/main -I/tmp/pear/temp/xdebug -I/usr/include/php/20170718 -I/usr/include/php/20170718/main -I/usr/include/php/20170718/TSRM -I/usr/include/php/20170718/Zend -I/usr/include/php/20170718/ext -I/usr/include/php/20170718/ext/date/lib -I/tmp/pear/temp/xdebug/src -I/tmp/pear/temp/pear-build-root1HKkXJ/xdebug-2.9.6/src -DHAVE_CONFIG_H -g -O2 -c /tmp/pear/temp/xdebug/xdebug.c  -fPIC -DPIC -o .libs/xdebug.o
/bin/bash /tmp/pear/temp/pear-build-root1HKkXJ/xdebug-2.9.6/libtool --mode=compile cc   -I. -I/tmp/pear/temp/xdebug -DPHP_ATOM_INC -I/tmp/pear/temp/pear-build-root1HKkXJ/xdebug-2.9.6/include -I/tmp/pear/temp/pear-build-root1HKkXJ/xdebug-2.9.6/main -I/tmp/pear/temp/xdebug -I/usr/include/php/20170718 -I/usr/include/php/20170718/main -I/usr/include/php/20170718/TSRM -I/usr/include/php/20170718/Zend -I/usr/include/php/20170718/ext -I/usr/include/php/20170718/ext/date/lib -I/tmp/pear/temp/xdebug/src -I/tmp/pear/temp/pear-build-root1HKkXJ/xdebug-2.9.6/src  -DHAVE_CONFIG_H  -g -O2   -c /tmp/pear/temp/xdebug/src/base/base.c -o src/base/base.lo
libtool: compile:  cc -I. -I/tmp/pear/temp/xdebug -DPHP_ATOM_INC -I/tmp/pear/temp/pear-build-root1HKkXJ/xdebug-2.9.6/include -I/tmp/pear/temp/pear-build-root1HKkXJ/xdebug-2.9.6/main -I/tmp/pear/temp/xdebug -I/usr/include/php/20170718 -I/usr/include/php/20170718/main -I/usr/include/php/20170718/TSRM -I/usr/include/php/20170718/Zend -I/usr/include/php/20170718/ext -I/usr/include/php/20170718/ext/date/lib -I/tmp/pear/temp/xdebug/src -I/tmp/pear/temp/pear-build-root1HKkXJ/xdebug-2.9.6/src -DHAVE_CONFIG_H -g -O2 -c /tmp/pear/temp/xdebug/src/base/base.c  -fPIC -DPIC -o src/base/.libs/base.o
/bin/bash /tmp/pear/temp/pear-build-root1HKkXJ/xdebug-2.9.6/libtool --mode=compile cc   -I. -I/tmp/pear/temp/xdebug -DPHP_ATOM_INC -I/tmp/pear/temp/pear-build-root1HKkXJ/xdebug-2.9.6/include -I/tmp/pear/temp/pear-build-root1HKkXJ/xdebug-2.9.6/main -I/tmp/pear/temp/xdebug -I/usr/include/php/20170718 -I/usr/include/php/20170718/main -I/usr/include/php/20170718/TSRM -I/usr/include/php/20170718/Zend -I/usr/include/php/20170718/ext -I/usr/include/php/20170718/ext/date/lib -I/tmp/pear/temp/xdebug/src -I/tmp/pear/temp/pear-build-root1HKkXJ/xdebug-2.9.6/src  -DHAVE_CONFIG_H  -g -O2   -c /tmp/pear/temp/xdebug/src/base/filter.c -o src/base/filter.lo
libtool: compile:  cc -I. -I/tmp/pear/temp/xdebug -DPHP_ATOM_INC -I/tmp/pear/temp/pear-build-root1HKkXJ/xdebug-2.9.6/include -I/tmp/pear/temp/pear-build-root1HKkXJ/xdebug-2.9.6/main -I/tmp/pear/temp/xdebug -I/usr/include/php/20170718 -I/usr/include/php/20170718/main -I/usr/include/php/20170718/TSRM -I/usr/include/php/20170718/Zend -I/usr/include/php/20170718/ext -I/usr/include/php/20170718/ext/date/lib -I/tmp/pear/temp/xdebug/src -I/tmp/pear/temp/pear-build-root1HKkXJ/xdebug-2.9.6/src -DHAVE_CONFIG_H -g -O2 -c /tmp/pear/temp/xdebug/src/base/filter.c  -fPIC -DPIC -o src/base/.libs/filter.o
/bin/bash /tmp/pear/temp/pear-build-root1HKkXJ/xdebug-2.9.6/libtool --mode=compile cc   -I. -I/tmp/pear/temp/xdebug -DPHP_ATOM_INC -I/tmp/pear/temp/pear-build-root1HKkXJ/xdebug-2.9.6/include -I/tmp/pear/temp/pear-build-root1HKkXJ/xdebug-2.9.6/main -I/tmp/pear/temp/xdebug -I/usr/include/php/20170718 -I/usr/include/php/20170718/main -I/usr/include/php/20170718/TSRM -I/usr/include/php/20170718/Zend -I/usr/include/php/20170718/ext -I/usr/include/php/20170718/ext/date/lib -I/tmp/pear/temp/xdebug/src -I/tmp/pear/temp/pear-build-root1HKkXJ/xdebug-2.9.6/src  -DHAVE_CONFIG_H  -g -O2   -c /tmp/pear/temp/xdebug/src/base/monitor.c -o src/base/monitor.lo
libtool: compile:  cc -I. -I/tmp/pear/temp/xdebug -DPHP_ATOM_INC -I/tmp/pear/temp/pear-build-root1HKkXJ/xdebug-2.9.6/include -I/tmp/pear/temp/pear-build-root1HKkXJ/xdebug-2.9.6/main -I/tmp/pear/temp/xdebug -I/usr/include/php/20170718 -I/usr/include/php/20170718/main -I/usr/include/php/20170718/TSRM -I/usr/include/php/20170718/Zend -I/usr/include/php/20170718/ext -I/usr/include/php/20170718/ext/date/lib -I/tmp/pear/temp/xdebug/src -I/tmp/pear/temp/pear-build-root1HKkXJ/xdebug-2.9.6/src -DHAVE_CONFIG_H -g -O2 -c /tmp/pear/temp/xdebug/src/base/monitor.c  -fPIC -DPIC -o src/base/.libs/monitor.o
/bin/bash /tmp/pear/temp/pear-build-root1HKkXJ/xdebug-2.9.6/libtool --mode=compile cc   -I. -I/tmp/pear/temp/xdebug -DPHP_ATOM_INC -I/tmp/pear/temp/pear-build-root1HKkXJ/xdebug-2.9.6/include -I/tmp/pear/temp/pear-build-root1HKkXJ/xdebug-2.9.6/main -I/tmp/pear/temp/xdebug -I/usr/include/php/20170718 -I/usr/include/php/20170718/main -I/usr/include/php/20170718/TSRM -I/usr/include/php/20170718/Zend -I/usr/include/php/20170718/ext -I/usr/include/php/20170718/ext/date/lib -I/tmp/pear/temp/xdebug/src -I/tmp/pear/temp/pear-build-root1HKkXJ/xdebug-2.9.6/src  -DHAVE_CONFIG_H  -g -O2   -c /tmp/pear/temp/xdebug/src/base/stack.c -o src/base/stack.lo
libtool: compile:  cc -I. -I/tmp/pear/temp/xdebug -DPHP_ATOM_INC -I/tmp/pear/temp/pear-build-root1HKkXJ/xdebug-2.9.6/include -I/tmp/pear/temp/pear-build-root1HKkXJ/xdebug-2.9.6/main -I/tmp/pear/temp/xdebug -I/usr/include/php/20170718 -I/usr/include/php/20170718/main -I/usr/include/php/20170718/TSRM -I/usr/include/php/20170718/Zend -I/usr/include/php/20170718/ext -I/usr/include/php/20170718/ext/date/lib -I/tmp/pear/temp/xdebug/src -I/tmp/pear/temp/pear-build-root1HKkXJ/xdebug-2.9.6/src -DHAVE_CONFIG_H -g -O2 -c /tmp/pear/temp/xdebug/src/base/stack.c  -fPIC -DPIC -o src/base/.libs/stack.o
/bin/bash /tmp/pear/temp/pear-build-root1HKkXJ/xdebug-2.9.6/libtool --mode=compile cc   -I. -I/tmp/pear/temp/xdebug -DPHP_ATOM_INC -I/tmp/pear/temp/pear-build-root1HKkXJ/xdebug-2.9.6/include -I/tmp/pear/temp/pear-build-root1HKkXJ/xdebug-2.9.6/main -I/tmp/pear/temp/xdebug -I/usr/include/php/20170718 -I/usr/include/php/20170718/main -I/usr/include/php/20170718/TSRM -I/usr/include/php/20170718/Zend -I/usr/include/php/20170718/ext -I/usr/include/php/20170718/ext/date/lib -I/tmp/pear/temp/xdebug/src -I/tmp/pear/temp/pear-build-root1HKkXJ/xdebug-2.9.6/src  -DHAVE_CONFIG_H  -g -O2   -c /tmp/pear/temp/xdebug/src/base/superglobals.c -o src/base/superglobals.lo
libtool: compile:  cc -I. -I/tmp/pear/temp/xdebug -DPHP_ATOM_INC -I/tmp/pear/temp/pear-build-root1HKkXJ/xdebug-2.9.6/include -I/tmp/pear/temp/pear-build-root1HKkXJ/xdebug-2.9.6/main -I/tmp/pear/temp/xdebug -I/usr/include/php/20170718 -I/usr/include/php/20170718/main -I/usr/include/php/20170718/TSRM -I/usr/include/php/20170718/Zend -I/usr/include/php/20170718/ext -I/usr/include/php/20170718/ext/date/lib -I/tmp/pear/temp/xdebug/src -I/tmp/pear/temp/pear-build-root1HKkXJ/xdebug-2.9.6/src -DHAVE_CONFIG_H -g -O2 -c /tmp/pear/temp/xdebug/src/base/superglobals.c  -fPIC -DPIC -o src/base/.libs/superglobals.o
/bin/bash /tmp/pear/temp/pear-build-root1HKkXJ/xdebug-2.9.6/libtool --mode=compile cc   -I. -I/tmp/pear/temp/xdebug -DPHP_ATOM_INC -I/tmp/pear/temp/pear-build-root1HKkXJ/xdebug-2.9.6/include -I/tmp/pear/temp/pear-build-root1HKkXJ/xdebug-2.9.6/main -I/tmp/pear/temp/xdebug -I/usr/include/php/20170718 -I/usr/include/php/20170718/main -I/usr/include/php/20170718/TSRM -I/usr/include/php/20170718/Zend -I/usr/include/php/20170718/ext -I/usr/include/php/20170718/ext/date/lib -I/tmp/pear/temp/xdebug/src -I/tmp/pear/temp/pear-build-root1HKkXJ/xdebug-2.9.6/src  -DHAVE_CONFIG_H  -g -O2   -c /tmp/pear/temp/xdebug/src/lib/usefulstuff.c -o src/lib/usefulstuff.lo
libtool: compile:  cc -I. -I/tmp/pear/temp/xdebug -DPHP_ATOM_INC -I/tmp/pear/temp/pear-build-root1HKkXJ/xdebug-2.9.6/include -I/tmp/pear/temp/pear-build-root1HKkXJ/xdebug-2.9.6/main -I/tmp/pear/temp/xdebug -I/usr/include/php/20170718 -I/usr/include/php/20170718/main -I/usr/include/php/20170718/TSRM -I/usr/include/php/20170718/Zend -I/usr/include/php/20170718/ext -I/usr/include/php/20170718/ext/date/lib -I/tmp/pear/temp/xdebug/src -I/tmp/pear/temp/pear-build-root1HKkXJ/xdebug-2.9.6/src -DHAVE_CONFIG_H -g -O2 -c /tmp/pear/temp/xdebug/src/lib/usefulstuff.c  -fPIC -DPIC -o src/lib/.libs/usefulstuff.o
/bin/bash /tmp/pear/temp/pear-build-root1HKkXJ/xdebug-2.9.6/libtool --mode=compile cc   -I. -I/tmp/pear/temp/xdebug -DPHP_ATOM_INC -I/tmp/pear/temp/pear-build-root1HKkXJ/xdebug-2.9.6/include -I/tmp/pear/temp/pear-build-root1HKkXJ/xdebug-2.9.6/main -I/tmp/pear/temp/xdebug -I/usr/include/php/20170718 -I/usr/include/php/20170718/main -I/usr/include/php/20170718/TSRM -I/usr/include/php/20170718/Zend -I/usr/include/php/20170718/ext -I/usr/include/php/20170718/ext/date/lib -I/tmp/pear/temp/xdebug/src -I/tmp/pear/temp/pear-build-root1HKkXJ/xdebug-2.9.6/src  -DHAVE_CONFIG_H  -g -O2   -c /tmp/pear/temp/xdebug/src/lib/compat.c -o src/lib/compat.lo
libtool: compile:  cc -I. -I/tmp/pear/temp/xdebug -DPHP_ATOM_INC -I/tmp/pear/temp/pear-build-root1HKkXJ/xdebug-2.9.6/include -I/tmp/pear/temp/pear-build-root1HKkXJ/xdebug-2.9.6/main -I/tmp/pear/temp/xdebug -I/usr/include/php/20170718 -I/usr/include/php/20170718/main -I/usr/include/php/20170718/TSRM -I/usr/include/php/20170718/Zend -I/usr/include/php/20170718/ext -I/usr/include/php/20170718/ext/date/lib -I/tmp/pear/temp/xdebug/src -I/tmp/pear/temp/pear-build-root1HKkXJ/xdebug-2.9.6/src -DHAVE_CONFIG_H -g -O2 -c /tmp/pear/temp/xdebug/src/lib/compat.c  -fPIC -DPIC -o src/lib/.libs/compat.o
/bin/bash /tmp/pear/temp/pear-build-root1HKkXJ/xdebug-2.9.6/libtool --mode=compile cc   -I. -I/tmp/pear/temp/xdebug -DPHP_ATOM_INC -I/tmp/pear/temp/pear-build-root1HKkXJ/xdebug-2.9.6/include -I/tmp/pear/temp/pear-build-root1HKkXJ/xdebug-2.9.6/main -I/tmp/pear/temp/xdebug -I/usr/include/php/20170718 -I/usr/include/php/20170718/main -I/usr/include/php/20170718/TSRM -I/usr/include/php/20170718/Zend -I/usr/include/php/20170718/ext -I/usr/include/php/20170718/ext/date/lib -I/tmp/pear/temp/xdebug/src -I/tmp/pear/temp/pear-build-root1HKkXJ/xdebug-2.9.6/src  -DHAVE_CONFIG_H  -g -O2   -c /tmp/pear/temp/xdebug/src/lib/crc32.c -o src/lib/crc32.lo
libtool: compile:  cc -I. -I/tmp/pear/temp/xdebug -DPHP_ATOM_INC -I/tmp/pear/temp/pear-build-root1HKkXJ/xdebug-2.9.6/include -I/tmp/pear/temp/pear-build-root1HKkXJ/xdebug-2.9.6/main -I/tmp/pear/temp/xdebug -I/usr/include/php/20170718 -I/usr/include/php/20170718/main -I/usr/include/php/20170718/TSRM -I/usr/include/php/20170718/Zend -I/usr/include/php/20170718/ext -I/usr/include/php/20170718/ext/date/lib -I/tmp/pear/temp/xdebug/src -I/tmp/pear/temp/pear-build-root1HKkXJ/xdebug-2.9.6/src -DHAVE_CONFIG_H -g -O2 -c /tmp/pear/temp/xdebug/src/lib/crc32.c  -fPIC -DPIC -o src/lib/.libs/crc32.o
/bin/bash /tmp/pear/temp/pear-build-root1HKkXJ/xdebug-2.9.6/libtool --mode=compile cc   -I. -I/tmp/pear/temp/xdebug -DPHP_ATOM_INC -I/tmp/pear/temp/pear-build-root1HKkXJ/xdebug-2.9.6/include -I/tmp/pear/temp/pear-build-root1HKkXJ/xdebug-2.9.6/main -I/tmp/pear/temp/xdebug -I/usr/include/php/20170718 -I/usr/include/php/20170718/main -I/usr/include/php/20170718/TSRM -I/usr/include/php/20170718/Zend -I/usr/include/php/20170718/ext -I/usr/include/php/20170718/ext/date/lib -I/tmp/pear/temp/xdebug/src -I/tmp/pear/temp/pear-build-root1HKkXJ/xdebug-2.9.6/src  -DHAVE_CONFIG_H  -g -O2   -c /tmp/pear/temp/xdebug/src/lib/hash.c -o src/lib/hash.lo
libtool: compile:  cc -I. -I/tmp/pear/temp/xdebug -DPHP_ATOM_INC -I/tmp/pear/temp/pear-build-root1HKkXJ/xdebug-2.9.6/include -I/tmp/pear/temp/pear-build-root1HKkXJ/xdebug-2.9.6/main -I/tmp/pear/temp/xdebug -I/usr/include/php/20170718 -I/usr/include/php/20170718/main -I/usr/include/php/20170718/TSRM -I/usr/include/php/20170718/Zend -I/usr/include/php/20170718/ext -I/usr/include/php/20170718/ext/date/lib -I/tmp/pear/temp/xdebug/src -I/tmp/pear/temp/pear-build-root1HKkXJ/xdebug-2.9.6/src -DHAVE_CONFIG_H -g -O2 -c /tmp/pear/temp/xdebug/src/lib/hash.c  -fPIC -DPIC -o src/lib/.libs/hash.o
/bin/bash /tmp/pear/temp/pear-build-root1HKkXJ/xdebug-2.9.6/libtool --mode=compile cc   -I. -I/tmp/pear/temp/xdebug -DPHP_ATOM_INC -I/tmp/pear/temp/pear-build-root1HKkXJ/xdebug-2.9.6/include -I/tmp/pear/temp/pear-build-root1HKkXJ/xdebug-2.9.6/main -I/tmp/pear/temp/xdebug -I/usr/include/php/20170718 -I/usr/include/php/20170718/main -I/usr/include/php/20170718/TSRM -I/usr/include/php/20170718/Zend -I/usr/include/php/20170718/ext -I/usr/include/php/20170718/ext/date/lib -I/tmp/pear/temp/xdebug/src -I/tmp/pear/temp/pear-build-root1HKkXJ/xdebug-2.9.6/src  -DHAVE_CONFIG_H  -g -O2   -c /tmp/pear/temp/xdebug/src/lib/lib.c -o src/lib/lib.lo
libtool: compile:  cc -I. -I/tmp/pear/temp/xdebug -DPHP_ATOM_INC -I/tmp/pear/temp/pear-build-root1HKkXJ/xdebug-2.9.6/include -I/tmp/pear/temp/pear-build-root1HKkXJ/xdebug-2.9.6/main -I/tmp/pear/temp/xdebug -I/usr/include/php/20170718 -I/usr/include/php/20170718/main -I/usr/include/php/20170718/TSRM -I/usr/include/php/20170718/Zend -I/usr/include/php/20170718/ext -I/usr/include/php/20170718/ext/date/lib -I/tmp/pear/temp/xdebug/src -I/tmp/pear/temp/pear-build-root1HKkXJ/xdebug-2.9.6/src -DHAVE_CONFIG_H -g -O2 -c /tmp/pear/temp/xdebug/src/lib/lib.c  -fPIC -DPIC -o src/lib/.libs/lib.o
/bin/bash /tmp/pear/temp/pear-build-root1HKkXJ/xdebug-2.9.6/libtool --mode=compile cc   -I. -I/tmp/pear/temp/xdebug -DPHP_ATOM_INC -I/tmp/pear/temp/pear-build-root1HKkXJ/xdebug-2.9.6/include -I/tmp/pear/temp/pear-build-root1HKkXJ/xdebug-2.9.6/main -I/tmp/pear/temp/xdebug -I/usr/include/php/20170718 -I/usr/include/php/20170718/main -I/usr/include/php/20170718/TSRM -I/usr/include/php/20170718/Zend -I/usr/include/php/20170718/ext -I/usr/include/php/20170718/ext/date/lib -I/tmp/pear/temp/xdebug/src -I/tmp/pear/temp/pear-build-root1HKkXJ/xdebug-2.9.6/src  -DHAVE_CONFIG_H  -g -O2   -c /tmp/pear/temp/xdebug/src/lib/llist.c -o src/lib/llist.lo
libtool: compile:  cc -I. -I/tmp/pear/temp/xdebug -DPHP_ATOM_INC -I/tmp/pear/temp/pear-build-root1HKkXJ/xdebug-2.9.6/include -I/tmp/pear/temp/pear-build-root1HKkXJ/xdebug-2.9.6/main -I/tmp/pear/temp/xdebug -I/usr/include/php/20170718 -I/usr/include/php/20170718/main -I/usr/include/php/20170718/TSRM -I/usr/include/php/20170718/Zend -I/usr/include/php/20170718/ext -I/usr/include/php/20170718/ext/date/lib -I/tmp/pear/temp/xdebug/src -I/tmp/pear/temp/pear-build-root1HKkXJ/xdebug-2.9.6/src -DHAVE_CONFIG_H -g -O2 -c /tmp/pear/temp/xdebug/src/lib/llist.c  -fPIC -DPIC -o src/lib/.libs/llist.o
/bin/bash /tmp/pear/temp/pear-build-root1HKkXJ/xdebug-2.9.6/libtool --mode=compile cc   -I. -I/tmp/pear/temp/xdebug -DPHP_ATOM_INC -I/tmp/pear/temp/pear-build-root1HKkXJ/xdebug-2.9.6/include -I/tmp/pear/temp/pear-build-root1HKkXJ/xdebug-2.9.6/main -I/tmp/pear/temp/xdebug -I/usr/include/php/20170718 -I/usr/include/php/20170718/main -I/usr/include/php/20170718/TSRM -I/usr/include/php/20170718/Zend -I/usr/include/php/20170718/ext -I/usr/include/php/20170718/ext/date/lib -I/tmp/pear/temp/xdebug/src -I/tmp/pear/temp/pear-build-root1HKkXJ/xdebug-2.9.6/src  -DHAVE_CONFIG_H  -g -O2   -c /tmp/pear/temp/xdebug/src/lib/set.c -o src/lib/set.lo
libtool: compile:  cc -I. -I/tmp/pear/temp/xdebug -DPHP_ATOM_INC -I/tmp/pear/temp/pear-build-root1HKkXJ/xdebug-2.9.6/include -I/tmp/pear/temp/pear-build-root1HKkXJ/xdebug-2.9.6/main -I/tmp/pear/temp/xdebug -I/usr/include/php/20170718 -I/usr/include/php/20170718/main -I/usr/include/php/20170718/TSRM -I/usr/include/php/20170718/Zend -I/usr/include/php/20170718/ext -I/usr/include/php/20170718/ext/date/lib -I/tmp/pear/temp/xdebug/src -I/tmp/pear/temp/pear-build-root1HKkXJ/xdebug-2.9.6/src -DHAVE_CONFIG_H -g -O2 -c /tmp/pear/temp/xdebug/src/lib/set.c  -fPIC -DPIC -o src/lib/.libs/set.o
/bin/bash /tmp/pear/temp/pear-build-root1HKkXJ/xdebug-2.9.6/libtool --mode=compile cc   -I. -I/tmp/pear/temp/xdebug -DPHP_ATOM_INC -I/tmp/pear/temp/pear-build-root1HKkXJ/xdebug-2.9.6/include -I/tmp/pear/temp/pear-build-root1HKkXJ/xdebug-2.9.6/main -I/tmp/pear/temp/xdebug -I/usr/include/php/20170718 -I/usr/include/php/20170718/main -I/usr/include/php/20170718/TSRM -I/usr/include/php/20170718/Zend -I/usr/include/php/20170718/ext -I/usr/include/php/20170718/ext/date/lib -I/tmp/pear/temp/xdebug/src -I/tmp/pear/temp/pear-build-root1HKkXJ/xdebug-2.9.6/src  -DHAVE_CONFIG_H  -g -O2   -c /tmp/pear/temp/xdebug/src/lib/str.c -o src/lib/str.lo
libtool: compile:  cc -I. -I/tmp/pear/temp/xdebug -DPHP_ATOM_INC -I/tmp/pear/temp/pear-build-root1HKkXJ/xdebug-2.9.6/include -I/tmp/pear/temp/pear-build-root1HKkXJ/xdebug-2.9.6/main -I/tmp/pear/temp/xdebug -I/usr/include/php/20170718 -I/usr/include/php/20170718/main -I/usr/include/php/20170718/TSRM -I/usr/include/php/20170718/Zend -I/usr/include/php/20170718/ext -I/usr/include/php/20170718/ext/date/lib -I/tmp/pear/temp/xdebug/src -I/tmp/pear/temp/pear-build-root1HKkXJ/xdebug-2.9.6/src -DHAVE_CONFIG_H -g -O2 -c /tmp/pear/temp/xdebug/src/lib/str.c  -fPIC -DPIC -o src/lib/.libs/str.o
/bin/bash /tmp/pear/temp/pear-build-root1HKkXJ/xdebug-2.9.6/libtool --mode=compile cc   -I. -I/tmp/pear/temp/xdebug -DPHP_ATOM_INC -I/tmp/pear/temp/pear-build-root1HKkXJ/xdebug-2.9.6/include -I/tmp/pear/temp/pear-build-root1HKkXJ/xdebug-2.9.6/main -I/tmp/pear/temp/xdebug -I/usr/include/php/20170718 -I/usr/include/php/20170718/main -I/usr/include/php/20170718/TSRM -I/usr/include/php/20170718/Zend -I/usr/include/php/20170718/ext -I/usr/include/php/20170718/ext/date/lib -I/tmp/pear/temp/xdebug/src -I/tmp/pear/temp/pear-build-root1HKkXJ/xdebug-2.9.6/src  -DHAVE_CONFIG_H  -g -O2   -c /tmp/pear/temp/xdebug/src/lib/var.c -o src/lib/var.lo
libtool: compile:  cc -I. -I/tmp/pear/temp/xdebug -DPHP_ATOM_INC -I/tmp/pear/temp/pear-build-root1HKkXJ/xdebug-2.9.6/include -I/tmp/pear/temp/pear-build-root1HKkXJ/xdebug-2.9.6/main -I/tmp/pear/temp/xdebug -I/usr/include/php/20170718 -I/usr/include/php/20170718/main -I/usr/include/php/20170718/TSRM -I/usr/include/php/20170718/Zend -I/usr/include/php/20170718/ext -I/usr/include/php/20170718/ext/date/lib -I/tmp/pear/temp/xdebug/src -I/tmp/pear/temp/pear-build-root1HKkXJ/xdebug-2.9.6/src -DHAVE_CONFIG_H -g -O2 -c /tmp/pear/temp/xdebug/src/lib/var.c  -fPIC -DPIC -o src/lib/.libs/var.o
/bin/bash /tmp/pear/temp/pear-build-root1HKkXJ/xdebug-2.9.6/libtool --mode=compile cc   -I. -I/tmp/pear/temp/xdebug -DPHP_ATOM_INC -I/tmp/pear/temp/pear-build-root1HKkXJ/xdebug-2.9.6/include -I/tmp/pear/temp/pear-build-root1HKkXJ/xdebug-2.9.6/main -I/tmp/pear/temp/xdebug -I/usr/include/php/20170718 -I/usr/include/php/20170718/main -I/usr/include/php/20170718/TSRM -I/usr/include/php/20170718/Zend -I/usr/include/php/20170718/ext -I/usr/include/php/20170718/ext/date/lib -I/tmp/pear/temp/xdebug/src -I/tmp/pear/temp/pear-build-root1HKkXJ/xdebug-2.9.6/src  -DHAVE_CONFIG_H  -g -O2   -c /tmp/pear/temp/xdebug/src/lib/var_export_html.c -o src/lib/var_export_html.lo
libtool: compile:  cc -I. -I/tmp/pear/temp/xdebug -DPHP_ATOM_INC -I/tmp/pear/temp/pear-build-root1HKkXJ/xdebug-2.9.6/include -I/tmp/pear/temp/pear-build-root1HKkXJ/xdebug-2.9.6/main -I/tmp/pear/temp/xdebug -I/usr/include/php/20170718 -I/usr/include/php/20170718/main -I/usr/include/php/20170718/TSRM -I/usr/include/php/20170718/Zend -I/usr/include/php/20170718/ext -I/usr/include/php/20170718/ext/date/lib -I/tmp/pear/temp/xdebug/src -I/tmp/pear/temp/pear-build-root1HKkXJ/xdebug-2.9.6/src -DHAVE_CONFIG_H -g -O2 -c /tmp/pear/temp/xdebug/src/lib/var_export_html.c  -fPIC -DPIC -o src/lib/.libs/var_export_html.o
/bin/bash /tmp/pear/temp/pear-build-root1HKkXJ/xdebug-2.9.6/libtool --mode=compile cc   -I. -I/tmp/pear/temp/xdebug -DPHP_ATOM_INC -I/tmp/pear/temp/pear-build-root1HKkXJ/xdebug-2.9.6/include -I/tmp/pear/temp/pear-build-root1HKkXJ/xdebug-2.9.6/main -I/tmp/pear/temp/xdebug -I/usr/include/php/20170718 -I/usr/include/php/20170718/main -I/usr/include/php/20170718/TSRM -I/usr/include/php/20170718/Zend -I/usr/include/php/20170718/ext -I/usr/include/php/20170718/ext/date/lib -I/tmp/pear/temp/xdebug/src -I/tmp/pear/temp/pear-build-root1HKkXJ/xdebug-2.9.6/src  -DHAVE_CONFIG_H  -g -O2   -c /tmp/pear/temp/xdebug/src/lib/var_export_line.c -o src/lib/var_export_line.lo
libtool: compile:  cc -I. -I/tmp/pear/temp/xdebug -DPHP_ATOM_INC -I/tmp/pear/temp/pear-build-root1HKkXJ/xdebug-2.9.6/include -I/tmp/pear/temp/pear-build-root1HKkXJ/xdebug-2.9.6/main -I/tmp/pear/temp/xdebug -I/usr/include/php/20170718 -I/usr/include/php/20170718/main -I/usr/include/php/20170718/TSRM -I/usr/include/php/20170718/Zend -I/usr/include/php/20170718/ext -I/usr/include/php/20170718/ext/date/lib -I/tmp/pear/temp/xdebug/src -I/tmp/pear/temp/pear-build-root1HKkXJ/xdebug-2.9.6/src -DHAVE_CONFIG_H -g -O2 -c /tmp/pear/temp/xdebug/src/lib/var_export_line.c  -fPIC -DPIC -o src/lib/.libs/var_export_line.o
/bin/bash /tmp/pear/temp/pear-build-root1HKkXJ/xdebug-2.9.6/libtool --mode=compile cc   -I. -I/tmp/pear/temp/xdebug -DPHP_ATOM_INC -I/tmp/pear/temp/pear-build-root1HKkXJ/xdebug-2.9.6/include -I/tmp/pear/temp/pear-build-root1HKkXJ/xdebug-2.9.6/main -I/tmp/pear/temp/xdebug -I/usr/include/php/20170718 -I/usr/include/php/20170718/main -I/usr/include/php/20170718/TSRM -I/usr/include/php/20170718/Zend -I/usr/include/php/20170718/ext -I/usr/include/php/20170718/ext/date/lib -I/tmp/pear/temp/xdebug/src -I/tmp/pear/temp/pear-build-root1HKkXJ/xdebug-2.9.6/src  -DHAVE_CONFIG_H  -g -O2   -c /tmp/pear/temp/xdebug/src/lib/var_export_serialized.c -o src/lib/var_export_serialized.lo
libtool: compile:  cc -I. -I/tmp/pear/temp/xdebug -DPHP_ATOM_INC -I/tmp/pear/temp/pear-build-root1HKkXJ/xdebug-2.9.6/include -I/tmp/pear/temp/pear-build-root1HKkXJ/xdebug-2.9.6/main -I/tmp/pear/temp/xdebug -I/usr/include/php/20170718 -I/usr/include/php/20170718/main -I/usr/include/php/20170718/TSRM -I/usr/include/php/20170718/Zend -I/usr/include/php/20170718/ext -I/usr/include/php/20170718/ext/date/lib -I/tmp/pear/temp/xdebug/src -I/tmp/pear/temp/pear-build-root1HKkXJ/xdebug-2.9.6/src -DHAVE_CONFIG_H -g -O2 -c /tmp/pear/temp/xdebug/src/lib/var_export_serialized.c  -fPIC -DPIC -o src/lib/.libs/var_export_serialized.o
/bin/bash /tmp/pear/temp/pear-build-root1HKkXJ/xdebug-2.9.6/libtool --mode=compile cc   -I. -I/tmp/pear/temp/xdebug -DPHP_ATOM_INC -I/tmp/pear/temp/pear-build-root1HKkXJ/xdebug-2.9.6/include -I/tmp/pear/temp/pear-build-root1HKkXJ/xdebug-2.9.6/main -I/tmp/pear/temp/xdebug -I/usr/include/php/20170718 -I/usr/include/php/20170718/main -I/usr/include/php/20170718/TSRM -I/usr/include/php/20170718/Zend -I/usr/include/php/20170718/ext -I/usr/include/php/20170718/ext/date/lib -I/tmp/pear/temp/xdebug/src -I/tmp/pear/temp/pear-build-root1HKkXJ/xdebug-2.9.6/src  -DHAVE_CONFIG_H  -g -O2   -c /tmp/pear/temp/xdebug/src/lib/var_export_text.c -o src/lib/var_export_text.lo
libtool: compile:  cc -I. -I/tmp/pear/temp/xdebug -DPHP_ATOM_INC -I/tmp/pear/temp/pear-build-root1HKkXJ/xdebug-2.9.6/include -I/tmp/pear/temp/pear-build-root1HKkXJ/xdebug-2.9.6/main -I/tmp/pear/temp/xdebug -I/usr/include/php/20170718 -I/usr/include/php/20170718/main -I/usr/include/php/20170718/TSRM -I/usr/include/php/20170718/Zend -I/usr/include/php/20170718/ext -I/usr/include/php/20170718/ext/date/lib -I/tmp/pear/temp/xdebug/src -I/tmp/pear/temp/pear-build-root1HKkXJ/xdebug-2.9.6/src -DHAVE_CONFIG_H -g -O2 -c /tmp/pear/temp/xdebug/src/lib/var_export_text.c  -fPIC -DPIC -o src/lib/.libs/var_export_text.o
/bin/bash /tmp/pear/temp/pear-build-root1HKkXJ/xdebug-2.9.6/libtool --mode=compile cc   -I. -I/tmp/pear/temp/xdebug -DPHP_ATOM_INC -I/tmp/pear/temp/pear-build-root1HKkXJ/xdebug-2.9.6/include -I/tmp/pear/temp/pear-build-root1HKkXJ/xdebug-2.9.6/main -I/tmp/pear/temp/xdebug -I/usr/include/php/20170718 -I/usr/include/php/20170718/main -I/usr/include/php/20170718/TSRM -I/usr/include/php/20170718/Zend -I/usr/include/php/20170718/ext -I/usr/include/php/20170718/ext/date/lib -I/tmp/pear/temp/xdebug/src -I/tmp/pear/temp/pear-build-root1HKkXJ/xdebug-2.9.6/src  -DHAVE_CONFIG_H  -g -O2   -c /tmp/pear/temp/xdebug/src/lib/var_export_xml.c -o src/lib/var_export_xml.lo
libtool: compile:  cc -I. -I/tmp/pear/temp/xdebug -DPHP_ATOM_INC -I/tmp/pear/temp/pear-build-root1HKkXJ/xdebug-2.9.6/include -I/tmp/pear/temp/pear-build-root1HKkXJ/xdebug-2.9.6/main -I/tmp/pear/temp/xdebug -I/usr/include/php/20170718 -I/usr/include/php/20170718/main -I/usr/include/php/20170718/TSRM -I/usr/include/php/20170718/Zend -I/usr/include/php/20170718/ext -I/usr/include/php/20170718/ext/date/lib -I/tmp/pear/temp/xdebug/src -I/tmp/pear/temp/pear-build-root1HKkXJ/xdebug-2.9.6/src -DHAVE_CONFIG_H -g -O2 -c /tmp/pear/temp/xdebug/src/lib/var_export_xml.c  -fPIC -DPIC -o src/lib/.libs/var_export_xml.o
/bin/bash /tmp/pear/temp/pear-build-root1HKkXJ/xdebug-2.9.6/libtool --mode=compile cc   -I. -I/tmp/pear/temp/xdebug -DPHP_ATOM_INC -I/tmp/pear/temp/pear-build-root1HKkXJ/xdebug-2.9.6/include -I/tmp/pear/temp/pear-build-root1HKkXJ/xdebug-2.9.6/main -I/tmp/pear/temp/xdebug -I/usr/include/php/20170718 -I/usr/include/php/20170718/main -I/usr/include/php/20170718/TSRM -I/usr/include/php/20170718/Zend -I/usr/include/php/20170718/ext -I/usr/include/php/20170718/ext/date/lib -I/tmp/pear/temp/xdebug/src -I/tmp/pear/temp/pear-build-root1HKkXJ/xdebug-2.9.6/src  -DHAVE_CONFIG_H  -g -O2   -c /tmp/pear/temp/xdebug/src/lib/xml.c -o src/lib/xml.lo
libtool: compile:  cc -I. -I/tmp/pear/temp/xdebug -DPHP_ATOM_INC -I/tmp/pear/temp/pear-build-root1HKkXJ/xdebug-2.9.6/include -I/tmp/pear/temp/pear-build-root1HKkXJ/xdebug-2.9.6/main -I/tmp/pear/temp/xdebug -I/usr/include/php/20170718 -I/usr/include/php/20170718/main -I/usr/include/php/20170718/TSRM -I/usr/include/php/20170718/Zend -I/usr/include/php/20170718/ext -I/usr/include/php/20170718/ext/date/lib -I/tmp/pear/temp/xdebug/src -I/tmp/pear/temp/pear-build-root1HKkXJ/xdebug-2.9.6/src -DHAVE_CONFIG_H -g -O2 -c /tmp/pear/temp/xdebug/src/lib/xml.c  -fPIC -DPIC -o src/lib/.libs/xml.o
/bin/bash /tmp/pear/temp/pear-build-root1HKkXJ/xdebug-2.9.6/libtool --mode=compile cc   -I. -I/tmp/pear/temp/xdebug -DPHP_ATOM_INC -I/tmp/pear/temp/pear-build-root1HKkXJ/xdebug-2.9.6/include -I/tmp/pear/temp/pear-build-root1HKkXJ/xdebug-2.9.6/main -I/tmp/pear/temp/xdebug -I/usr/include/php/20170718 -I/usr/include/php/20170718/main -I/usr/include/php/20170718/TSRM -I/usr/include/php/20170718/Zend -I/usr/include/php/20170718/ext -I/usr/include/php/20170718/ext/date/lib -I/tmp/pear/temp/xdebug/src -I/tmp/pear/temp/pear-build-root1HKkXJ/xdebug-2.9.6/src  -DHAVE_CONFIG_H  -g -O2   -c /tmp/pear/temp/xdebug/src/coverage/branch_info.c -o src/coverage/branch_info.lo
libtool: compile:  cc -I. -I/tmp/pear/temp/xdebug -DPHP_ATOM_INC -I/tmp/pear/temp/pear-build-root1HKkXJ/xdebug-2.9.6/include -I/tmp/pear/temp/pear-build-root1HKkXJ/xdebug-2.9.6/main -I/tmp/pear/temp/xdebug -I/usr/include/php/20170718 -I/usr/include/php/20170718/main -I/usr/include/php/20170718/TSRM -I/usr/include/php/20170718/Zend -I/usr/include/php/20170718/ext -I/usr/include/php/20170718/ext/date/lib -I/tmp/pear/temp/xdebug/src -I/tmp/pear/temp/pear-build-root1HKkXJ/xdebug-2.9.6/src -DHAVE_CONFIG_H -g -O2 -c /tmp/pear/temp/xdebug/src/coverage/branch_info.c  -fPIC -DPIC -o src/coverage/.libs/branch_info.o
/bin/bash /tmp/pear/temp/pear-build-root1HKkXJ/xdebug-2.9.6/libtool --mode=compile cc   -I. -I/tmp/pear/temp/xdebug -DPHP_ATOM_INC -I/tmp/pear/temp/pear-build-root1HKkXJ/xdebug-2.9.6/include -I/tmp/pear/temp/pear-build-root1HKkXJ/xdebug-2.9.6/main -I/tmp/pear/temp/xdebug -I/usr/include/php/20170718 -I/usr/include/php/20170718/main -I/usr/include/php/20170718/TSRM -I/usr/include/php/20170718/Zend -I/usr/include/php/20170718/ext -I/usr/include/php/20170718/ext/date/lib -I/tmp/pear/temp/xdebug/src -I/tmp/pear/temp/pear-build-root1HKkXJ/xdebug-2.9.6/src  -DHAVE_CONFIG_H  -g -O2   -c /tmp/pear/temp/xdebug/src/coverage/code_coverage.c -o src/coverage/code_coverage.lo
libtool: compile:  cc -I. -I/tmp/pear/temp/xdebug -DPHP_ATOM_INC -I/tmp/pear/temp/pear-build-root1HKkXJ/xdebug-2.9.6/include -I/tmp/pear/temp/pear-build-root1HKkXJ/xdebug-2.9.6/main -I/tmp/pear/temp/xdebug -I/usr/include/php/20170718 -I/usr/include/php/20170718/main -I/usr/include/php/20170718/TSRM -I/usr/include/php/20170718/Zend -I/usr/include/php/20170718/ext -I/usr/include/php/20170718/ext/date/lib -I/tmp/pear/temp/xdebug/src -I/tmp/pear/temp/pear-build-root1HKkXJ/xdebug-2.9.6/src -DHAVE_CONFIG_H -g -O2 -c /tmp/pear/temp/xdebug/src/coverage/code_coverage.c  -fPIC -DPIC -o src/coverage/.libs/code_coverage.o
/bin/bash /tmp/pear/temp/pear-build-root1HKkXJ/xdebug-2.9.6/libtool --mode=compile cc   -I. -I/tmp/pear/temp/xdebug -DPHP_ATOM_INC -I/tmp/pear/temp/pear-build-root1HKkXJ/xdebug-2.9.6/include -I/tmp/pear/temp/pear-build-root1HKkXJ/xdebug-2.9.6/main -I/tmp/pear/temp/xdebug -I/usr/include/php/20170718 -I/usr/include/php/20170718/main -I/usr/include/php/20170718/TSRM -I/usr/include/php/20170718/Zend -I/usr/include/php/20170718/ext -I/usr/include/php/20170718/ext/date/lib -I/tmp/pear/temp/xdebug/src -I/tmp/pear/temp/pear-build-root1HKkXJ/xdebug-2.9.6/src  -DHAVE_CONFIG_H  -g -O2   -c /tmp/pear/temp/xdebug/src/debugger/com.c -o src/debugger/com.lo
libtool: compile:  cc -I. -I/tmp/pear/temp/xdebug -DPHP_ATOM_INC -I/tmp/pear/temp/pear-build-root1HKkXJ/xdebug-2.9.6/include -I/tmp/pear/temp/pear-build-root1HKkXJ/xdebug-2.9.6/main -I/tmp/pear/temp/xdebug -I/usr/include/php/20170718 -I/usr/include/php/20170718/main -I/usr/include/php/20170718/TSRM -I/usr/include/php/20170718/Zend -I/usr/include/php/20170718/ext -I/usr/include/php/20170718/ext/date/lib -I/tmp/pear/temp/xdebug/src -I/tmp/pear/temp/pear-build-root1HKkXJ/xdebug-2.9.6/src -DHAVE_CONFIG_H -g -O2 -c /tmp/pear/temp/xdebug/src/debugger/com.c  -fPIC -DPIC -o src/debugger/.libs/com.o
/bin/bash /tmp/pear/temp/pear-build-root1HKkXJ/xdebug-2.9.6/libtool --mode=compile cc   -I. -I/tmp/pear/temp/xdebug -DPHP_ATOM_INC -I/tmp/pear/temp/pear-build-root1HKkXJ/xdebug-2.9.6/include -I/tmp/pear/temp/pear-build-root1HKkXJ/xdebug-2.9.6/main -I/tmp/pear/temp/xdebug -I/usr/include/php/20170718 -I/usr/include/php/20170718/main -I/usr/include/php/20170718/TSRM -I/usr/include/php/20170718/Zend -I/usr/include/php/20170718/ext -I/usr/include/php/20170718/ext/date/lib -I/tmp/pear/temp/xdebug/src -I/tmp/pear/temp/pear-build-root1HKkXJ/xdebug-2.9.6/src  -DHAVE_CONFIG_H  -g -O2   -c /tmp/pear/temp/xdebug/src/debugger/debugger.c -o src/debugger/debugger.lo
libtool: compile:  cc -I. -I/tmp/pear/temp/xdebug -DPHP_ATOM_INC -I/tmp/pear/temp/pear-build-root1HKkXJ/xdebug-2.9.6/include -I/tmp/pear/temp/pear-build-root1HKkXJ/xdebug-2.9.6/main -I/tmp/pear/temp/xdebug -I/usr/include/php/20170718 -I/usr/include/php/20170718/main -I/usr/include/php/20170718/TSRM -I/usr/include/php/20170718/Zend -I/usr/include/php/20170718/ext -I/usr/include/php/20170718/ext/date/lib -I/tmp/pear/temp/xdebug/src -I/tmp/pear/temp/pear-build-root1HKkXJ/xdebug-2.9.6/src -DHAVE_CONFIG_H -g -O2 -c /tmp/pear/temp/xdebug/src/debugger/debugger.c  -fPIC -DPIC -o src/debugger/.libs/debugger.o
/bin/bash /tmp/pear/temp/pear-build-root1HKkXJ/xdebug-2.9.6/libtool --mode=compile cc   -I. -I/tmp/pear/temp/xdebug -DPHP_ATOM_INC -I/tmp/pear/temp/pear-build-root1HKkXJ/xdebug-2.9.6/include -I/tmp/pear/temp/pear-build-root1HKkXJ/xdebug-2.9.6/main -I/tmp/pear/temp/xdebug -I/usr/include/php/20170718 -I/usr/include/php/20170718/main -I/usr/include/php/20170718/TSRM -I/usr/include/php/20170718/Zend -I/usr/include/php/20170718/ext -I/usr/include/php/20170718/ext/date/lib -I/tmp/pear/temp/xdebug/src -I/tmp/pear/temp/pear-build-root1HKkXJ/xdebug-2.9.6/src  -DHAVE_CONFIG_H  -g -O2   -c /tmp/pear/temp/xdebug/src/debugger/handler_dbgp.c -o src/debugger/handler_dbgp.lo
libtool: compile:  cc -I. -I/tmp/pear/temp/xdebug -DPHP_ATOM_INC -I/tmp/pear/temp/pear-build-root1HKkXJ/xdebug-2.9.6/include -I/tmp/pear/temp/pear-build-root1HKkXJ/xdebug-2.9.6/main -I/tmp/pear/temp/xdebug -I/usr/include/php/20170718 -I/usr/include/php/20170718/main -I/usr/include/php/20170718/TSRM -I/usr/include/php/20170718/Zend -I/usr/include/php/20170718/ext -I/usr/include/php/20170718/ext/date/lib -I/tmp/pear/temp/xdebug/src -I/tmp/pear/temp/pear-build-root1HKkXJ/xdebug-2.9.6/src -DHAVE_CONFIG_H -g -O2 -c /tmp/pear/temp/xdebug/src/debugger/handler_dbgp.c  -fPIC -DPIC -o src/debugger/.libs/handler_dbgp.o
/bin/bash /tmp/pear/temp/pear-build-root1HKkXJ/xdebug-2.9.6/libtool --mode=compile cc   -I. -I/tmp/pear/temp/xdebug -DPHP_ATOM_INC -I/tmp/pear/temp/pear-build-root1HKkXJ/xdebug-2.9.6/include -I/tmp/pear/temp/pear-build-root1HKkXJ/xdebug-2.9.6/main -I/tmp/pear/temp/xdebug -I/usr/include/php/20170718 -I/usr/include/php/20170718/main -I/usr/include/php/20170718/TSRM -I/usr/include/php/20170718/Zend -I/usr/include/php/20170718/ext -I/usr/include/php/20170718/ext/date/lib -I/tmp/pear/temp/xdebug/src -I/tmp/pear/temp/pear-build-root1HKkXJ/xdebug-2.9.6/src  -DHAVE_CONFIG_H  -g -O2   -c /tmp/pear/temp/xdebug/src/debugger/handlers.c -o src/debugger/handlers.lo
libtool: compile:  cc -I. -I/tmp/pear/temp/xdebug -DPHP_ATOM_INC -I/tmp/pear/temp/pear-build-root1HKkXJ/xdebug-2.9.6/include -I/tmp/pear/temp/pear-build-root1HKkXJ/xdebug-2.9.6/main -I/tmp/pear/temp/xdebug -I/usr/include/php/20170718 -I/usr/include/php/20170718/main -I/usr/include/php/20170718/TSRM -I/usr/include/php/20170718/Zend -I/usr/include/php/20170718/ext -I/usr/include/php/20170718/ext/date/lib -I/tmp/pear/temp/xdebug/src -I/tmp/pear/temp/pear-build-root1HKkXJ/xdebug-2.9.6/src -DHAVE_CONFIG_H -g -O2 -c /tmp/pear/temp/xdebug/src/debugger/handlers.c  -fPIC -DPIC -o src/debugger/.libs/handlers.o
/bin/bash /tmp/pear/temp/pear-build-root1HKkXJ/xdebug-2.9.6/libtool --mode=compile cc   -I. -I/tmp/pear/temp/xdebug -DPHP_ATOM_INC -I/tmp/pear/temp/pear-build-root1HKkXJ/xdebug-2.9.6/include -I/tmp/pear/temp/pear-build-root1HKkXJ/xdebug-2.9.6/main -I/tmp/pear/temp/xdebug -I/usr/include/php/20170718 -I/usr/include/php/20170718/main -I/usr/include/php/20170718/TSRM -I/usr/include/php/20170718/Zend -I/usr/include/php/20170718/ext -I/usr/include/php/20170718/ext/date/lib -I/tmp/pear/temp/xdebug/src -I/tmp/pear/temp/pear-build-root1HKkXJ/xdebug-2.9.6/src  -DHAVE_CONFIG_H  -g -O2   -c /tmp/pear/temp/xdebug/src/gcstats/gc_stats.c -o src/gcstats/gc_stats.lo
libtool: compile:  cc -I. -I/tmp/pear/temp/xdebug -DPHP_ATOM_INC -I/tmp/pear/temp/pear-build-root1HKkXJ/xdebug-2.9.6/include -I/tmp/pear/temp/pear-build-root1HKkXJ/xdebug-2.9.6/main -I/tmp/pear/temp/xdebug -I/usr/include/php/20170718 -I/usr/include/php/20170718/main -I/usr/include/php/20170718/TSRM -I/usr/include/php/20170718/Zend -I/usr/include/php/20170718/ext -I/usr/include/php/20170718/ext/date/lib -I/tmp/pear/temp/xdebug/src -I/tmp/pear/temp/pear-build-root1HKkXJ/xdebug-2.9.6/src -DHAVE_CONFIG_H -g -O2 -c /tmp/pear/temp/xdebug/src/gcstats/gc_stats.c  -fPIC -DPIC -o src/gcstats/.libs/gc_stats.o
/bin/bash /tmp/pear/temp/pear-build-root1HKkXJ/xdebug-2.9.6/libtool --mode=compile cc   -I. -I/tmp/pear/temp/xdebug -DPHP_ATOM_INC -I/tmp/pear/temp/pear-build-root1HKkXJ/xdebug-2.9.6/include -I/tmp/pear/temp/pear-build-root1HKkXJ/xdebug-2.9.6/main -I/tmp/pear/temp/xdebug -I/usr/include/php/20170718 -I/usr/include/php/20170718/main -I/usr/include/php/20170718/TSRM -I/usr/include/php/20170718/Zend -I/usr/include/php/20170718/ext -I/usr/include/php/20170718/ext/date/lib -I/tmp/pear/temp/xdebug/src -I/tmp/pear/temp/pear-build-root1HKkXJ/xdebug-2.9.6/src  -DHAVE_CONFIG_H  -g -O2   -c /tmp/pear/temp/xdebug/src/profiler/profiler.c -o src/profiler/profiler.lo
libtool: compile:  cc -I. -I/tmp/pear/temp/xdebug -DPHP_ATOM_INC -I/tmp/pear/temp/pear-build-root1HKkXJ/xdebug-2.9.6/include -I/tmp/pear/temp/pear-build-root1HKkXJ/xdebug-2.9.6/main -I/tmp/pear/temp/xdebug -I/usr/include/php/20170718 -I/usr/include/php/20170718/main -I/usr/include/php/20170718/TSRM -I/usr/include/php/20170718/Zend -I/usr/include/php/20170718/ext -I/usr/include/php/20170718/ext/date/lib -I/tmp/pear/temp/xdebug/src -I/tmp/pear/temp/pear-build-root1HKkXJ/xdebug-2.9.6/src -DHAVE_CONFIG_H -g -O2 -c /tmp/pear/temp/xdebug/src/profiler/profiler.c  -fPIC -DPIC -o src/profiler/.libs/profiler.o
/bin/bash /tmp/pear/temp/pear-build-root1HKkXJ/xdebug-2.9.6/libtool --mode=compile cc   -I. -I/tmp/pear/temp/xdebug -DPHP_ATOM_INC -I/tmp/pear/temp/pear-build-root1HKkXJ/xdebug-2.9.6/include -I/tmp/pear/temp/pear-build-root1HKkXJ/xdebug-2.9.6/main -I/tmp/pear/temp/xdebug -I/usr/include/php/20170718 -I/usr/include/php/20170718/main -I/usr/include/php/20170718/TSRM -I/usr/include/php/20170718/Zend -I/usr/include/php/20170718/ext -I/usr/include/php/20170718/ext/date/lib -I/tmp/pear/temp/xdebug/src -I/tmp/pear/temp/pear-build-root1HKkXJ/xdebug-2.9.6/src  -DHAVE_CONFIG_H  -g -O2   -c /tmp/pear/temp/xdebug/src/tracing/trace_computerized.c -o src/tracing/trace_computerized.lo
libtool: compile:  cc -I. -I/tmp/pear/temp/xdebug -DPHP_ATOM_INC -I/tmp/pear/temp/pear-build-root1HKkXJ/xdebug-2.9.6/include -I/tmp/pear/temp/pear-build-root1HKkXJ/xdebug-2.9.6/main -I/tmp/pear/temp/xdebug -I/usr/include/php/20170718 -I/usr/include/php/20170718/main -I/usr/include/php/20170718/TSRM -I/usr/include/php/20170718/Zend -I/usr/include/php/20170718/ext -I/usr/include/php/20170718/ext/date/lib -I/tmp/pear/temp/xdebug/src -I/tmp/pear/temp/pear-build-root1HKkXJ/xdebug-2.9.6/src -DHAVE_CONFIG_H -g -O2 -c /tmp/pear/temp/xdebug/src/tracing/trace_computerized.c  -fPIC -DPIC -o src/tracing/.libs/trace_computerized.o
/bin/bash /tmp/pear/temp/pear-build-root1HKkXJ/xdebug-2.9.6/libtool --mode=compile cc   -I. -I/tmp/pear/temp/xdebug -DPHP_ATOM_INC -I/tmp/pear/temp/pear-build-root1HKkXJ/xdebug-2.9.6/include -I/tmp/pear/temp/pear-build-root1HKkXJ/xdebug-2.9.6/main -I/tmp/pear/temp/xdebug -I/usr/include/php/20170718 -I/usr/include/php/20170718/main -I/usr/include/php/20170718/TSRM -I/usr/include/php/20170718/Zend -I/usr/include/php/20170718/ext -I/usr/include/php/20170718/ext/date/lib -I/tmp/pear/temp/xdebug/src -I/tmp/pear/temp/pear-build-root1HKkXJ/xdebug-2.9.6/src  -DHAVE_CONFIG_H  -g -O2   -c /tmp/pear/temp/xdebug/src/tracing/trace_html.c -o src/tracing/trace_html.lo
libtool: compile:  cc -I. -I/tmp/pear/temp/xdebug -DPHP_ATOM_INC -I/tmp/pear/temp/pear-build-root1HKkXJ/xdebug-2.9.6/include -I/tmp/pear/temp/pear-build-root1HKkXJ/xdebug-2.9.6/main -I/tmp/pear/temp/xdebug -I/usr/include/php/20170718 -I/usr/include/php/20170718/main -I/usr/include/php/20170718/TSRM -I/usr/include/php/20170718/Zend -I/usr/include/php/20170718/ext -I/usr/include/php/20170718/ext/date/lib -I/tmp/pear/temp/xdebug/src -I/tmp/pear/temp/pear-build-root1HKkXJ/xdebug-2.9.6/src -DHAVE_CONFIG_H -g -O2 -c /tmp/pear/temp/xdebug/src/tracing/trace_html.c  -fPIC -DPIC -o src/tracing/.libs/trace_html.o
/bin/bash /tmp/pear/temp/pear-build-root1HKkXJ/xdebug-2.9.6/libtool --mode=compile cc   -I. -I/tmp/pear/temp/xdebug -DPHP_ATOM_INC -I/tmp/pear/temp/pear-build-root1HKkXJ/xdebug-2.9.6/include -I/tmp/pear/temp/pear-build-root1HKkXJ/xdebug-2.9.6/main -I/tmp/pear/temp/xdebug -I/usr/include/php/20170718 -I/usr/include/php/20170718/main -I/usr/include/php/20170718/TSRM -I/usr/include/php/20170718/Zend -I/usr/include/php/20170718/ext -I/usr/include/php/20170718/ext/date/lib -I/tmp/pear/temp/xdebug/src -I/tmp/pear/temp/pear-build-root1HKkXJ/xdebug-2.9.6/src  -DHAVE_CONFIG_H  -g -O2   -c /tmp/pear/temp/xdebug/src/tracing/trace_textual.c -o src/tracing/trace_textual.lo
libtool: compile:  cc -I. -I/tmp/pear/temp/xdebug -DPHP_ATOM_INC -I/tmp/pear/temp/pear-build-root1HKkXJ/xdebug-2.9.6/include -I/tmp/pear/temp/pear-build-root1HKkXJ/xdebug-2.9.6/main -I/tmp/pear/temp/xdebug -I/usr/include/php/20170718 -I/usr/include/php/20170718/main -I/usr/include/php/20170718/TSRM -I/usr/include/php/20170718/Zend -I/usr/include/php/20170718/ext -I/usr/include/php/20170718/ext/date/lib -I/tmp/pear/temp/xdebug/src -I/tmp/pear/temp/pear-build-root1HKkXJ/xdebug-2.9.6/src -DHAVE_CONFIG_H -g -O2 -c /tmp/pear/temp/xdebug/src/tracing/trace_textual.c  -fPIC -DPIC -o src/tracing/.libs/trace_textual.o
/bin/bash /tmp/pear/temp/pear-build-root1HKkXJ/xdebug-2.9.6/libtool --mode=compile cc   -I. -I/tmp/pear/temp/xdebug -DPHP_ATOM_INC -I/tmp/pear/temp/pear-build-root1HKkXJ/xdebug-2.9.6/include -I/tmp/pear/temp/pear-build-root1HKkXJ/xdebug-2.9.6/main -I/tmp/pear/temp/xdebug -I/usr/include/php/20170718 -I/usr/include/php/20170718/main -I/usr/include/php/20170718/TSRM -I/usr/include/php/20170718/Zend -I/usr/include/php/20170718/ext -I/usr/include/php/20170718/ext/date/lib -I/tmp/pear/temp/xdebug/src -I/tmp/pear/temp/pear-build-root1HKkXJ/xdebug-2.9.6/src  -DHAVE_CONFIG_H  -g -O2   -c /tmp/pear/temp/xdebug/src/tracing/tracing.c -o src/tracing/tracing.lo
libtool: compile:  cc -I. -I/tmp/pear/temp/xdebug -DPHP_ATOM_INC -I/tmp/pear/temp/pear-build-root1HKkXJ/xdebug-2.9.6/include -I/tmp/pear/temp/pear-build-root1HKkXJ/xdebug-2.9.6/main -I/tmp/pear/temp/xdebug -I/usr/include/php/20170718 -I/usr/include/php/20170718/main -I/usr/include/php/20170718/TSRM -I/usr/include/php/20170718/Zend -I/usr/include/php/20170718/ext -I/usr/include/php/20170718/ext/date/lib -I/tmp/pear/temp/xdebug/src -I/tmp/pear/temp/pear-build-root1HKkXJ/xdebug-2.9.6/src -DHAVE_CONFIG_H -g -O2 -c /tmp/pear/temp/xdebug/src/tracing/tracing.c  -fPIC -DPIC -o src/tracing/.libs/tracing.o
/bin/bash /tmp/pear/temp/pear-build-root1HKkXJ/xdebug-2.9.6/libtool --mode=link cc -DPHP_ATOM_INC -I/tmp/pear/temp/pear-build-root1HKkXJ/xdebug-2.9.6/include -I/tmp/pear/temp/pear-build-root1HKkXJ/xdebug-2.9.6/main -I/tmp/pear/temp/xdebug -I/usr/include/php/20170718 -I/usr/include/php/20170718/main -I/usr/include/php/20170718/TSRM -I/usr/include/php/20170718/Zend -I/usr/include/php/20170718/ext -I/usr/include/php/20170718/ext/date/lib -I/tmp/pear/temp/xdebug/src -I/tmp/pear/temp/pear-build-root1HKkXJ/xdebug-2.9.6/src  -DHAVE_CONFIG_H  -g -O2    -o xdebug.la -export-dynamic -avoid-version -prefer-pic -module -rpath /tmp/pear/temp/pear-build-root1HKkXJ/xdebug-2.9.6/modules  xdebug.lo src/base/base.lo src/base/filter.lo src/base/monitor.lo src/base/stack.lo src/base/superglobals.lo src/lib/usefulstuff.lo src/lib/compat.lo src/lib/crc32.lo src/lib/hash.lo src/lib/lib.lo src/lib/llist.lo src/lib/set.lo src/lib/str.lo src/lib/var.lo src/lib/var_export_html.lo src/lib/var_export_line.lo src/lib/var_export_serialize
d.lo src/lib/var_export_text.lo src/lib/var_export_xml.lo src/lib/xml.lo src/coverage/branch_info.lo src/coverage/code_coverage.lo src/debugger/com.lo src/debugger/debugger.lo src/debugger/handler_dbgp.lo src/debugger/handlers.lo src/gcstats/gc_stats.lo src/profiler/profiler.lo src/tracing/trace_computerized.lo src/tracing/trace_html.lo src/tracing/trace_textual.lo src/tracing/tracing.lo -lm
libtool: link: cc -shared  -fPIC -DPIC  .libs/xdebug.o src/base/.libs/base.o src/base/.libs/filter.o src/base/.libs/monitor.o src/base/.libs/stack.o src/base/.libs/superglobals.o src/lib/.libs/usefulstuff.o src/lib/.libs/compat.o src/lib/.libs/crc32.o src/lib/.libs/hash.o src/lib/.libs/lib.o src/lib/.libs/llist.o src/lib/.libs/set.o src/lib/.libs/str.o src/lib/.libs/var.o src/lib/.libs/var_export_html.o src/lib/.libs/var_export_line.o src/lib/.libs/var_export_serialized.o src/lib/.libs/var_export_text.o src/lib/.libs/var_export_xml.o src/lib/.libs/xml.o src/coverage/.libs/branch_info.o src/coverage/.libs/code_coverage.o src/debugger/.libs/com.o src/debugger/.libs/debugger.o src/debugger/.libs/handler_dbgp.o src/debugger/.libs/handlers.o src/gcstats/.libs/gc_stats.o src/profiler/.libs/profiler.o src/tracing/.libs/trace_computerized.o src/tracing/.libs/trace_html.o src/tracing/.libs/trace_textual.o src/tracing/.libs/tracing.o   -lm  -g -O2   -Wl,-soname -Wl,xdebug.so -o .libs/xdebug.so
libtool: link: ( cd ".libs" && rm -f "xdebug.la" && ln -s "../xdebug.la" "xdebug.la" )
/bin/bash /tmp/pear/temp/pear-build-root1HKkXJ/xdebug-2.9.6/libtool --mode=install cp ./xdebug.la /tmp/pear/temp/pear-build-root1HKkXJ/xdebug-2.9.6/modules
libtool: install: cp ./.libs/xdebug.so /tmp/pear/temp/pear-build-root1HKkXJ/xdebug-2.9.6/modules/xdebug.so
libtool: install: cp ./.libs/xdebug.lai /tmp/pear/temp/pear-build-root1HKkXJ/xdebug-2.9.6/modules/xdebug.la
libtool: finish: PATH="/usr/local/sbin:/usr/local/bin:/usr/sbin:/usr/bin:/sbin:/bin:/usr/games:/usr/local/games:/sbin" ldconfig -n /tmp/pear/temp/pear-build-root1HKkXJ/xdebug-2.9.6/modules
----------------------------------------------------------------------
Libraries have been installed in:
   /tmp/pear/temp/pear-build-root1HKkXJ/xdebug-2.9.6/modules

If you ever happen to want to link against installed libraries
in a given directory, LIBDIR, you must either use libtool, and
specify the full pathname of the library, or use the '-LLIBDIR'
flag during linking and do at least one of the following:
   - add LIBDIR to the 'LD_LIBRARY_PATH' environment variable
     during execution
   - add LIBDIR to the 'LD_RUN_PATH' environment variable
     during linking
   - use the '-Wl,-rpath -Wl,LIBDIR' linker flag
   - have your system administrator add LIBDIR to '/etc/ld.so.conf'

See any operating system documentation about shared libraries for
more information, such as the ld(1) and ld.so(8) manual pages.
----------------------------------------------------------------------

Build complete.
Don't forget to run 'make test'.

running: make INSTALL_ROOT="/tmp/pear/temp/pear-build-root1HKkXJ/install-xdebug-2.9.6" install
Installing shared extensions:     /tmp/pear/temp/pear-build-root1HKkXJ/install-xdebug-2.9.6/usr/lib/php/20170718/

  +----------------------------------------------------------------------+
  |                                                                      |
  |   INSTALLATION INSTRUCTIONS                                          |
  |   =========================                                          |
  |                                                                      |
  |   See https://xdebug.org/install.php#configure-php for instructions  |
  |   on how to enable Xdebug for PHP.                                   |
  |                                                                      |
  |   Documentation is available online as well:                         |
  |   - A list of all settings:  https://xdebug.org/docs-settings.php    |
  |   - A list of all functions: https://xdebug.org/docs-functions.php   |
  |   - Profiling instructions:  https://xdebug.org/docs-profiling2.php  |
  |   - Remote debugging:        https://xdebug.org/docs-debugger.php    |
  |                                                                      |
  |                                                                      |
  |   NOTE: Please disregard the message                                 |
  |       You should add "extension=xdebug.so" to php.ini                |
  |   that is emitted by the PECL installer. This does not work for      |
  |   Xdebug.                                                            |
  |                                                                      |
  +----------------------------------------------------------------------+


running: find "/tmp/pear/temp/pear-build-root1HKkXJ/install-xdebug-2.9.6" | xargs ls -dils
417200    4 drwxr-xr-x 3 root root    4096 Aug 27 16:29 /tmp/pear/temp/pear-build-root1HKkXJ/install-xdebug-2.9.6
417217    4 drwxr-xr-x 3 root root    4096 Aug 27 16:29 /tmp/pear/temp/pear-build-root1HKkXJ/install-xdebug-2.9.6/usr
417218    4 drwxr-xr-x 3 root root    4096 Aug 27 16:29 /tmp/pear/temp/pear-build-root1HKkXJ/install-xdebug-2.9.6/usr/lib
417219    4 drwxr-xr-x 3 root root    4096 Aug 27 16:29 /tmp/pear/temp/pear-build-root1HKkXJ/install-xdebug-2.9.6/usr/lib/php
417220    4 drwxr-xr-x 2 root root    4096 Aug 27 16:29 /tmp/pear/temp/pear-build-root1HKkXJ/install-xdebug-2.9.6/usr/lib/php/20170718
414284 2080 -rwxr-xr-x 1 root root 2127688 Aug 27 16:29 /tmp/pear/temp/pear-build-root1HKkXJ/install-xdebug-2.9.6/usr/lib/php/20170718/xdebug.so

Build process completed successfully
Installing '/usr/lib/php/20170718/xdebug.so'
install ok: channel://pecl.php.net/xdebug-2.9.6
configuration option "php_ini" is not set to php.ini location
You should add "zend_extension=/usr/lib/php/20170718/xdebug.so" to php.ini
root@dann:/var/www/mysite.local# cd /etc/php
root@dann:/etc/php# ls -la
total 12
drwxr-xr-x  3 root root 4096 Aug 27 13:28 .
drwxr-xr-x 97 root root 4096 Aug 27 16:28 ..
drwxr-xr-x  6 root root 4096 Aug 27 15:43 7.2
root@dann:/etc/php# cd 7.2
root@dann:/etc/php/7.2# ls -l
total 16
drwxr-xr-x 3 root root 4096 Aug 27 15:43 apache2
drwxr-xr-x 3 root root 4096 Aug 27 13:28 cli
drwxr-xr-x 4 root root 4096 Aug 27 15:12 fpm
drwxr-xr-x 2 root root 4096 Aug 27 13:28 mods-available
root@dann:/etc/php/7.2# cd cli
root@dann:/etc/php/7.2/cli# nano php.ini
root@dann:/etc/php/7.2/cli# cd fpm
bash: cd: fpm: No such file or directory
root@dann:/etc/php/7.2/cli# ls -la
total 84
drwxr-xr-x 3 root root  4096 Aug 27 16:30 .
drwxr-xr-x 6 root root  4096 Aug 27 15:43 ..
drwxr-xr-x 2 root root  4096 Aug 27 13:28 conf.d
-rw-r--r-- 1 root root 71477 Aug 27 16:30 php.ini
root@dann:/etc/php/7.2/cli# nano php.ini
root@dann:/etc/php/7.2/cli# systemctl restart apache2.service
root@dann:/etc/php/7.2/cli# cd ../../../
root@dann:/etc# cd ../
root@dann:/# cd /var/www/html/
root@dann:/var/www/html# ls -la
total 16
drwxr-xr-x 3 root root 4096 Aug 27 15:57 .
drwxr-xr-x 4 root root 4096 Aug 27 15:17 ..
-rw-r--r-- 1 root root  649 Aug 27 15:57 index.php
drwxr-xr-x 2 root root 4096 Aug 27 14:25 mysite.local
root@dann:/var/www/html# cd ../
root@dann:/var/www# ls -la
total 16
drwxr-xr-x  4 root root 4096 Aug 27 15:17 .
drwxr-xr-x 14 root root 4096 Aug 27 13:25 ..
drwxr-xr-x  3 root root 4096 Aug 27 15:57 html
drwxr-xr-x  2 root root 4096 Aug 27 16:05 mysite.local
root@dann:/var/www# cd mysite.local
root@dann:/var/www/mysite.local# ls -la
total 12
drwxr-xr-x 2 root root 4096 Aug 27 16:05 .
drwxr-xr-x 4 root root 4096 Aug 27 15:17 ..
-rw-r--r-- 1 root root  648 Aug 27 16:05 index.php
root@dann:/var/www/mysite.local# cat > test.php
<?php
error_reporting(E_ALL);
ini_set('display_errors', 1);

function req(){
   echo 1;
   req();
}

req();
^C
root@dann:/var/www/mysite.local# sudo apt-get install curl
Reading package lists... Done
Building dependency tree       
Reading state information... Done
curl is already the newest version (7.68.0-1ubuntu2.2).
curl set to manually installed.
0 upgraded, 0 newly installed, 0 to remove and 17 not upgraded.
root@dann:/var/www/mysite.local# sudo curl -s https://getcomposer.org/installer | php
All settings correct for using Composer
Downloading...

Composer (version 1.10.10) successfully installed to: /var/www/mysite.local/composer.phar
Use it: php composer.phar

root@dann:/var/www/mysite.local# sudo mv composer.phar /usr/local/bin/composer
root@dann:/var/www/mysite.local# composer
Do not run Composer as root/super user! See https://getcomposer.org/root for details
   ______
  / ____/___  ____ ___  ____  ____  ________  _____
 / /   / __ \/ __ `__ \/ __ \/ __ \/ ___/ _ \/ ___/
/ /___/ /_/ / / / / / / /_/ / /_/ (__  )  __/ /
\____/\____/_/ /_/ /_/ .___/\____/____/\___/_/
                    /_/
Composer version 1.10.10 2020-08-03 11:35:19

Usage:
  command [options] [arguments]

Options:
  -h, --help                     Display this help message
  -q, --quiet                    Do not output any message
  -V, --version                  Display this application version
      --ansi                     Force ANSI output
      --no-ansi                  Disable ANSI output
  -n, --no-interaction           Do not ask any interactive question
      --profile                  Display timing and memory usage information
      --no-plugins               Whether to disable plugins.
  -d, --working-dir=WORKING-DIR  If specified, use the given directory as working directory.
      --no-cache                 Prevent use of the cache
  -v|vv|vvv, --verbose           Increase the verbosity of messages: 1 for normal output, 2 for more verbose output and 3 for debug

Available commands:
  about                Shows the short information about Composer.
  archive              Creates an archive of this composer package.
  browse               Opens the package's repository URL or homepage in your browser.
  cc                   Clears composer's internal package cache.
  check-platform-reqs  Check that platform requirements are satisfied.
  clear-cache          Clears composer's internal package cache.
  clearcache           Clears composer's internal package cache.
  config               Sets config options.
  create-project       Creates new project from a package into given directory.
  depends              Shows which packages cause the given package to be installed.
  diagnose             Diagnoses the system to identify common errors.
  dump-autoload        Dumps the autoloader.
  dumpautoload         Dumps the autoloader.
  exec                 Executes a vendored binary/script.
  fund                 Discover how to help fund the maintenance of your dependencies.
  global               Allows running commands in the global composer dir ($COMPOSER_HOME).
  help                 Displays help for a command
  home                 Opens the package's repository URL or homepage in your browser.
  i                    Installs the project dependencies from the composer.lock file if present, or falls back on the composer.json.
  info                 Shows information about packages.
  init                 Creates a basic composer.json file in current directory.
  install              Installs the project dependencies from the composer.lock file if present, or falls back on the composer.json.
  licenses             Shows information about licenses of dependencies.
  list                 Lists commands
  outdated             Shows a list of installed packages that have updates available, including their latest version.
  prohibits            Shows which packages prevent the given package from being installed.
  remove               Removes a package from the require or require-dev.
  require              Adds required packages to your composer.json and installs them.
  run                  Runs the scripts defined in composer.json.
  run-script           Runs the scripts defined in composer.json.
  search               Searches for packages.
  self-update          Updates composer.phar to the latest version.
  selfupdate           Updates composer.phar to the latest version.
  show                 Shows information about packages.
  status               Shows a list of locally modified packages, for packages installed from source.
  suggests             Shows package suggestions.
  u                    Upgrades your dependencies to the latest version according to composer.json, and updates the composer.lock file.
  update               Upgrades your dependencies to the latest version according to composer.json, and updates the composer.lock file.
  upgrade              Upgrades your dependencies to the latest version according to composer.json, and updates the composer.lock file.
  validate             Validates a composer.json and composer.lock.
  why                  Shows which packages cause the given package to be installed.
  why-not              Shows which packages prevent the given package from being installed.
root@dann:/var/www/mysite.local#
root@dann:/var/www/mysite.local# composer require monolog/monolog
Do not run Composer as root/super user! See https://getcomposer.org/root for details
Using version ^2.1 for monolog/monolog
./composer.json has been created
Loading composer repositories with package information
Updating dependencies (including require-dev)
Package operations: 2 installs, 0 updates, 0 removals
As there is no 'unzip' command installed zip files are being unpacked using the PHP zip extension.
This may cause invalid reports of corrupted archives. Besides, any UNIX permissions (e.g. executable) defined in the archives will be lost.
Installing 'unzip' may remediate them.
  - Installing psr/log (1.1.3): Downloading (100%)         
  - Installing monolog/monolog (2.1.1): Downloading (100%)         
monolog/monolog suggests installing graylog2/gelf-php (Allow sending log messages to a GrayLog2 server)
monolog/monolog suggests installing doctrine/couchdb (Allow sending log messages to a CouchDB server)
monolog/monolog suggests installing ruflin/elastica (Allow sending log messages to an Elastic Search server)
monolog/monolog suggests installing elasticsearch/elasticsearch (Allow sending log messages to an Elasticsearch server via official client)
monolog/monolog suggests installing php-amqplib/php-amqplib (Allow sending log messages to an AMQP server using php-amqplib)
monolog/monolog suggests installing ext-amqp (Allow sending log messages to an AMQP server (1.0+ required))
monolog/monolog suggests installing ext-mongodb (Allow sending log messages to a MongoDB server (via driver))
monolog/monolog suggests installing mongodb/mongodb (Allow sending log messages to a MongoDB server (via library))
monolog/monolog suggests installing aws/aws-sdk-php (Allow sending log messages to AWS services like DynamoDB)
monolog/monolog suggests installing rollbar/rollbar (Allow sending log messages to Rollbar)
monolog/monolog suggests installing php-console/php-console (Allow sending log messages to Google Chrome)
Writing lock file
Generating autoload files
1 package you are using is looking for funding.
Use the `composer fund` command to find out more!
root@dann:/var/www/mysite.local# cat > index2.php
require_once('vendor/autoload.php');

use Monolog\Logger;
use Monolog\Handler\StreamHandler;

// create a log channel
$log = new Logger('name');
$log->pushHandler(new StreamHandler('log/my.log', Logger::WARNING));

// add records to the log
$log->warning('Foo');
$log->error('Bar');
^C
root@dann:/var/www/mysite.local# nano index2.php
root@dann:/var/www/mysite.local# ls -la
total 36
drwxr-xr-x 3 root root 4096 Aug 27 16:57 .
drwxr-xr-x 4 root root 4096 Aug 27 15:17 ..
-rw-r--r-- 1 root root   61 Aug 27 16:55 composer.json
-rw-r--r-- 1 root root 6072 Aug 27 16:55 composer.lock
-rw-r--r-- 1 root root  291 Aug 27 16:57 index2.php
-rw-r--r-- 1 root root  648 Aug 27 16:05 index.php
-rw-r--r-- 1 root root  108 Aug 27 16:45 test.php
drwxr-xr-x 5 root root 4096 Aug 27 16:55 vendor
root@dann:/var/www/mysite.local# nano index2.php
root@dann:/var/www/mysite.local# nano index2.php
root@dann:/var/www/mysite.local# nano index2.php
root@dann:/var/www/mysite.local# nano index2.php
root@dann:/var/www/mysite.local# mkdir log
root@dann:/var/www/mysite.local# chmod 777 log
root@dann:/var/www/mysite.local# cd log
root@dann:/var/www/mysite.local/log# ls -la
total 12
drwxrwxrwx 2 root     root     4096 Aug 27 17:07 .
drwxr-xr-x 4 root     root     4096 Aug 27 17:05 ..
-rw-r--r-- 1 www-data www-data  116 Aug 27 17:07 my.log
root@dann:/var/www/mysite.local/log# nano my.log
root@dann:/var/www/mysite.local/log# 
root@dann:/home/dann# sudo chmod a+rwx /var/www/mysite.local/log/traces
chmod: cannot access '/var/www/mysite.local/log/traces': No such file or directory
root@dann:/home/dann# nano /etc/php/7.2/fpm/php.ini
root@dann:/home/dann# nano /etc/php/7.2/cli/php.ini
root@dann:/home/dann# nano /etc/php/7.2/fpm/php.ini
root@dann:/home/dann# nano /etc/php/7.2/apache2/php.ini
root@dann:/home/dann# sudo systemctl restart nginx
root@dann:/home/dann# sudo systemctl restart php7.2-fpm
root@dann:/home/dann# systemctl restart apache2.service
root@dann:/home/dann# php --ini
Failed loading /usr/lib/php/20190902/xdebug.so:  /usr/lib/php/20190902/xdebug.so: undefined symbol: zend_post_startup_cb
Configuration File (php.ini) Path: /etc/php/7.2/cli
Loaded Configuration File:         /etc/php/7.2/cli/php.ini
Scan for additional .ini files in: /etc/php/7.2/cli/conf.d
Additional .ini files parsed:      /etc/php/7.2/cli/conf.d/10-opcache.ini,
/etc/php/7.2/cli/conf.d/10-pdo.ini,
/etc/php/7.2/cli/conf.d/15-xml.ini,
/etc/php/7.2/cli/conf.d/20-calendar.ini,
/etc/php/7.2/cli/conf.d/20-ctype.ini,
/etc/php/7.2/cli/conf.d/20-curl.ini,
/etc/php/7.2/cli/conf.d/20-dom.ini,
/etc/php/7.2/cli/conf.d/20-exif.ini,
/etc/php/7.2/cli/conf.d/20-fileinfo.ini,
/etc/php/7.2/cli/conf.d/20-ftp.ini,
/etc/php/7.2/cli/conf.d/20-gd.ini,
/etc/php/7.2/cli/conf.d/20-gettext.ini,
/etc/php/7.2/cli/conf.d/20-iconv.ini,
/etc/php/7.2/cli/conf.d/20-json.ini,
/etc/php/7.2/cli/conf.d/20-mbstring.ini,
/etc/php/7.2/cli/conf.d/20-phar.ini,
/etc/php/7.2/cli/conf.d/20-posix.ini,
/etc/php/7.2/cli/conf.d/20-readline.ini,
/etc/php/7.2/cli/conf.d/20-shmop.ini,
/etc/php/7.2/cli/conf.d/20-simplexml.ini,
/etc/php/7.2/cli/conf.d/20-soap.ini,
/etc/php/7.2/cli/conf.d/20-sockets.ini,
/etc/php/7.2/cli/conf.d/20-sysvmsg.ini,
/etc/php/7.2/cli/conf.d/20-sysvsem.ini,
/etc/php/7.2/cli/conf.d/20-sysvshm.ini,
/etc/php/7.2/cli/conf.d/20-tokenizer.ini,
/etc/php/7.2/cli/conf.d/20-wddx.ini,
/etc/php/7.2/cli/conf.d/20-xdebug.ini,
/etc/php/7.2/cli/conf.d/20-xmlreader.ini,
/etc/php/7.2/cli/conf.d/20-xmlrpc.ini,
/etc/php/7.2/cli/conf.d/20-xmlwriter.ini,
/etc/php/7.2/cli/conf.d/20-xsl.ini,
/etc/php/7.2/cli/conf.d/20-zip.ini

root@dann:/home/dann# cd ../../var/www/mysite.local
root@dann:/var/www/mysite.local# cd /var/www/mysite.local/log/
root@dann:/var/www/mysite.local/log# mkdir traces
root@dann:/var/www/mysite.local/log# chmod 777 traces
root@dann:/var/www/mysite.local/log# sudo chmod a+rwx /var/www/mysite.local/log/traces
root@dann:/var/www/mysite.local/log# 